{"/Users/joshuarossi/bitfinex-api-node/index.js":{"path":"/Users/joshuarossi/bitfinex-api-node/index.js","s":{"1":1,"2":1,"3":2,"4":2,"5":2,"6":2,"7":1},"b":{},"f":{"1":2},"fnMap":{"1":{"name":"(anonymous_1)","line":4,"loc":{"start":{"line":4,"column":10},"end":{"line":4,"column":39}}}},"statementMap":{"1":{"start":{"line":1,"column":0},"end":{"line":2,"column":28}},"2":{"start":{"line":4,"column":0},"end":{"line":9,"column":2}},"3":{"start":{"line":5,"column":4},"end":{"line":5,"column":27}},"4":{"start":{"line":6,"column":4},"end":{"line":6,"column":33}},"5":{"start":{"line":7,"column":4},"end":{"line":7,"column":27}},"6":{"start":{"line":8,"column":4},"end":{"line":8,"column":52}},"7":{"start":{"line":11,"column":0},"end":{"line":11,"column":21}}},"branchMap":{}},"/Users/joshuarossi/bitfinex-api-node/rest.js":{"path":"/Users/joshuarossi/bitfinex-api-node/rest.js","s":{"1":1,"2":1,"3":1,"4":1,"5":1,"6":1,"7":2,"8":2,"9":2,"10":2,"11":2,"12":2,"13":0,"14":1,"15":0,"16":0,"17":0,"18":0,"19":0,"20":0,"21":0,"22":0,"23":0,"24":0,"25":0,"26":0,"27":0,"28":0,"29":0,"30":0,"31":0,"32":0,"33":0,"34":0,"35":0,"36":0,"37":0,"38":0,"39":1,"40":3,"41":3,"42":3,"43":3,"44":3,"45":0,"46":3,"47":3,"48":0,"49":0,"50":3,"51":0,"52":3,"53":1,"54":1,"55":0,"56":0,"57":0,"58":1,"59":1,"60":1,"61":1,"62":1,"63":1,"64":0,"65":1,"66":0,"67":1,"68":0,"69":0,"70":0,"71":0,"72":0,"73":0,"74":0,"75":0,"76":0,"77":0,"78":0,"79":0,"80":0,"81":0,"82":0,"83":0,"84":1,"85":0,"86":1,"87":0,"88":1,"89":0,"90":1,"91":0,"92":1,"93":0,"94":0,"95":0,"96":0,"97":0,"98":0,"99":0,"100":0,"101":1,"102":0,"103":0,"104":0,"105":1,"106":0,"107":0,"108":0,"109":1,"110":0,"111":1,"112":0,"113":0,"114":0,"115":0,"116":1,"117":0,"118":0,"119":0,"120":1,"121":0,"122":0,"123":0,"124":1,"125":0,"126":1,"127":0,"128":1,"129":0,"130":0,"131":0,"132":0,"133":0,"134":0,"135":0,"136":0,"137":0,"138":0,"139":0,"140":1,"141":0,"142":0,"143":0,"144":0,"145":0,"146":0,"147":0,"148":0,"149":0,"150":0,"151":0,"152":1,"153":0,"154":0,"155":0,"156":1,"157":0,"158":0,"159":0,"160":1,"161":0,"162":0,"163":0,"164":1,"165":0,"166":0,"167":0,"168":1,"169":0,"170":1,"171":0,"172":1,"173":0,"174":1,"175":0,"176":1,"177":0,"178":1,"179":0,"180":1,"181":0,"182":1,"183":0,"184":0,"185":0,"186":1,"187":0,"188":0,"189":0,"190":1},"b":{"1":[0,2],"2":[0,0],"3":[0,0],"4":[0,0],"5":[0,0,0],"6":[0,0],"7":[0,0],"8":[0,3],"9":[3,3,0],"10":[0,0],"11":[0,3],"12":[0,1],"13":[0,0],"14":[0,0],"15":[0,0],"16":[0,0],"17":[0,0],"18":[0,0],"19":[0,0]},"f":{"1":2,"2":0,"3":0,"4":0,"5":3,"6":3,"7":1,"8":0,"9":1,"10":1,"11":0,"12":0,"13":0,"14":0,"15":0,"16":0,"17":0,"18":0,"19":0,"20":0,"21":0,"22":0,"23":0,"24":0,"25":0,"26":0,"27":0,"28":0,"29":0,"30":0,"31":0,"32":0,"33":0,"34":0,"35":0,"36":0,"37":0,"38":0,"39":0,"40":0,"41":0,"42":0},"fnMap":{"1":{"name":"rest","line":12,"loc":{"start":{"line":12,"column":0},"end":{"line":12,"column":43}}},"2":{"name":"(anonymous_2)","line":18,"loc":{"start":{"line":18,"column":74},"end":{"line":18,"column":86}}},"3":{"name":"(anonymous_3)","line":24,"loc":{"start":{"line":24,"column":30},"end":{"line":24,"column":62}}},"4":{"name":"(anonymous_4)","line":52,"loc":{"start":{"line":52,"column":7},"end":{"line":52,"column":38}}},"5":{"name":"(anonymous_5)","line":72,"loc":{"start":{"line":72,"column":37},"end":{"line":72,"column":57}}},"6":{"name":"(anonymous_6)","line":79,"loc":{"start":{"line":79,"column":7},"end":{"line":79,"column":38}}},"7":{"name":"(anonymous_7)","line":99,"loc":{"start":{"line":99,"column":24},"end":{"line":99,"column":46}}},"8":{"name":"(anonymous_8)","line":102,"loc":{"start":{"line":102,"column":13},"end":{"line":102,"column":34}}},"9":{"name":"(anonymous_9)","line":107,"loc":{"start":{"line":107,"column":23},"end":{"line":107,"column":45}}},"10":{"name":"(anonymous_10)","line":111,"loc":{"start":{"line":111,"column":23},"end":{"line":111,"column":45}}},"11":{"name":"(anonymous_11)","line":115,"loc":{"start":{"line":115,"column":25},"end":{"line":115,"column":47}}},"12":{"name":"(anonymous_12)","line":119,"loc":{"start":{"line":119,"column":26},"end":{"line":119,"column":50}}},"13":{"name":"(anonymous_13)","line":123,"loc":{"start":{"line":123,"column":27},"end":{"line":123,"column":58}}},"14":{"name":"(anonymous_14)","line":150,"loc":{"start":{"line":150,"column":24},"end":{"line":150,"column":46}}},"15":{"name":"(anonymous_15)","line":154,"loc":{"start":{"line":154,"column":23},"end":{"line":154,"column":47}}},"16":{"name":"(anonymous_16)","line":158,"loc":{"start":{"line":158,"column":29},"end":{"line":158,"column":43}}},"17":{"name":"(anonymous_17)","line":162,"loc":{"start":{"line":162,"column":33},"end":{"line":162,"column":47}}},"18":{"name":"(anonymous_18)","line":166,"loc":{"start":{"line":166,"column":27},"end":{"line":166,"column":97}}},"19":{"name":"(anonymous_19)","line":186,"loc":{"start":{"line":186,"column":37},"end":{"line":186,"column":96}}},"20":{"name":"(anonymous_20)","line":199,"loc":{"start":{"line":199,"column":30},"end":{"line":199,"column":54}}},"21":{"name":"(anonymous_21)","line":207,"loc":{"start":{"line":207,"column":35},"end":{"line":207,"column":49}}},"22":{"name":"(anonymous_22)","line":211,"loc":{"start":{"line":211,"column":40},"end":{"line":211,"column":65}}},"23":{"name":"(anonymous_23)","line":214,"loc":{"start":{"line":214,"column":33},"end":{"line":214,"column":47}}},"24":{"name":"(anonymous_24)","line":221,"loc":{"start":{"line":221,"column":31},"end":{"line":221,"column":100}}},"25":{"name":"(anonymous_25)","line":235,"loc":{"start":{"line":235,"column":30},"end":{"line":235,"column":54}}},"26":{"name":"(anonymous_26)","line":243,"loc":{"start":{"line":243,"column":31},"end":{"line":243,"column":45}}},"27":{"name":"(anonymous_27)","line":247,"loc":{"start":{"line":247,"column":34},"end":{"line":247,"column":48}}},"28":{"name":"(anonymous_28)","line":251,"loc":{"start":{"line":251,"column":27},"end":{"line":251,"column":60}}},"29":{"name":"(anonymous_29)","line":272,"loc":{"start":{"line":272,"column":29},"end":{"line":272,"column":60}}},"30":{"name":"(anonymous_30)","line":293,"loc":{"start":{"line":293,"column":29},"end":{"line":293,"column":74}}},"31":{"name":"(anonymous_31)","line":303,"loc":{"start":{"line":303,"column":27},"end":{"line":303,"column":102}}},"32":{"name":"(anonymous_32)","line":316,"loc":{"start":{"line":316,"column":30},"end":{"line":316,"column":54}}},"33":{"name":"(anonymous_33)","line":324,"loc":{"start":{"line":324,"column":30},"end":{"line":324,"column":54}}},"34":{"name":"(anonymous_34)","line":332,"loc":{"start":{"line":332,"column":31},"end":{"line":332,"column":45}}},"35":{"name":"(anonymous_35)","line":336,"loc":{"start":{"line":336,"column":32},"end":{"line":336,"column":46}}},"36":{"name":"(anonymous_36)","line":340,"loc":{"start":{"line":340,"column":33},"end":{"line":340,"column":47}}},"37":{"name":"(anonymous_37)","line":344,"loc":{"start":{"line":344,"column":29},"end":{"line":344,"column":43}}},"38":{"name":"(anonymous_38)","line":348,"loc":{"start":{"line":348,"column":28},"end":{"line":348,"column":51}}},"39":{"name":"(anonymous_39)","line":354,"loc":{"start":{"line":354,"column":31},"end":{"line":354,"column":45}}},"40":{"name":"(anonymous_40)","line":358,"loc":{"start":{"line":358,"column":30},"end":{"line":358,"column":44}}},"41":{"name":"(anonymous_41)","line":373,"loc":{"start":{"line":373,"column":26},"end":{"line":373,"column":88}}},"42":{"name":"(anonymous_42)","line":395,"loc":{"start":{"line":395,"column":26},"end":{"line":395,"column":80}}}},"statementMap":{"1":{"start":{"line":1,"column":0},"end":{"line":1,"column":24}},"2":{"start":{"line":3,"column":0},"end":{"line":3,"column":47}},"3":{"start":{"line":5,"column":0},"end":{"line":5,"column":29}},"4":{"start":{"line":7,"column":0},"end":{"line":7,"column":27}},"5":{"start":{"line":9,"column":0},"end":{"line":9,"column":28}},"6":{"start":{"line":12,"column":0},"end":{"line":22,"column":1}},"7":{"start":{"line":13,"column":4},"end":{"line":13,"column":42}},"8":{"start":{"line":14,"column":4},"end":{"line":14,"column":24}},"9":{"start":{"line":15,"column":4},"end":{"line":15,"column":19}},"10":{"start":{"line":16,"column":4},"end":{"line":16,"column":25}},"11":{"start":{"line":17,"column":4},"end":{"line":17,"column":38}},"12":{"start":{"line":18,"column":4},"end":{"line":21,"column":6}},"13":{"start":{"line":20,"column":8},"end":{"line":20,"column":28}},"14":{"start":{"line":24,"column":0},"end":{"line":70,"column":2}},"15":{"start":{"line":25,"column":4},"end":{"line":25,"column":66}},"16":{"start":{"line":26,"column":4},"end":{"line":28,"column":5}},"17":{"start":{"line":27,"column":8},"end":{"line":27,"column":58}},"18":{"start":{"line":29,"column":4},"end":{"line":29,"column":47}},"19":{"start":{"line":30,"column":4},"end":{"line":30,"column":26}},"20":{"start":{"line":31,"column":4},"end":{"line":31,"column":42}},"21":{"start":{"line":32,"column":4},"end":{"line":35,"column":6}},"22":{"start":{"line":36,"column":4},"end":{"line":39,"column":5}},"23":{"start":{"line":37,"column":8},"end":{"line":37,"column":28}},"24":{"start":{"line":38,"column":8},"end":{"line":38,"column":29}},"25":{"start":{"line":40,"column":4},"end":{"line":40,"column":69}},"26":{"start":{"line":41,"column":4},"end":{"line":41,"column":87}},"27":{"start":{"line":42,"column":4},"end":{"line":46,"column":6}},"28":{"start":{"line":47,"column":4},"end":{"line":69,"column":7}},"29":{"start":{"line":53,"column":8},"end":{"line":53,"column":34}},"30":{"start":{"line":54,"column":8},"end":{"line":56,"column":9}},"31":{"start":{"line":55,"column":12},"end":{"line":55,"column":74}},"32":{"start":{"line":57,"column":8},"end":{"line":64,"column":9}},"33":{"start":{"line":58,"column":12},"end":{"line":58,"column":38}},"34":{"start":{"line":60,"column":12},"end":{"line":60,"column":27}},"35":{"start":{"line":61,"column":12},"end":{"line":63,"column":15}},"36":{"start":{"line":65,"column":8},"end":{"line":67,"column":9}},"37":{"start":{"line":66,"column":12},"end":{"line":66,"column":49}},"38":{"start":{"line":68,"column":8},"end":{"line":68,"column":32}},"39":{"start":{"line":72,"column":0},"end":{"line":97,"column":2}},"40":{"start":{"line":73,"column":4},"end":{"line":73,"column":12}},"41":{"start":{"line":74,"column":4},"end":{"line":74,"column":35}},"42":{"start":{"line":75,"column":4},"end":{"line":96,"column":7}},"43":{"start":{"line":80,"column":8},"end":{"line":80,"column":34}},"44":{"start":{"line":81,"column":8},"end":{"line":83,"column":9}},"45":{"start":{"line":82,"column":12},"end":{"line":82,"column":74}},"46":{"start":{"line":84,"column":8},"end":{"line":91,"column":9}},"47":{"start":{"line":85,"column":12},"end":{"line":85,"column":38}},"48":{"start":{"line":87,"column":12},"end":{"line":87,"column":27}},"49":{"start":{"line":88,"column":12},"end":{"line":90,"column":15}},"50":{"start":{"line":92,"column":8},"end":{"line":94,"column":9}},"51":{"start":{"line":93,"column":12},"end":{"line":93,"column":49}},"52":{"start":{"line":95,"column":8},"end":{"line":95,"column":32}},"53":{"start":{"line":99,"column":0},"end":{"line":105,"column":2}},"54":{"start":{"line":100,"column":4},"end":{"line":103,"column":5}},"55":{"start":{"line":101,"column":8},"end":{"line":101,"column":26}},"56":{"start":{"line":102,"column":8},"end":{"line":102,"column":53}},"57":{"start":{"line":102,"column":35},"end":{"line":102,"column":52}},"58":{"start":{"line":104,"column":4},"end":{"line":104,"column":63}},"59":{"start":{"line":107,"column":0},"end":{"line":109,"column":2}},"60":{"start":{"line":108,"column":4},"end":{"line":108,"column":59}},"61":{"start":{"line":111,"column":0},"end":{"line":113,"column":2}},"62":{"start":{"line":112,"column":4},"end":{"line":112,"column":59}},"63":{"start":{"line":115,"column":0},"end":{"line":117,"column":2}},"64":{"start":{"line":116,"column":4},"end":{"line":116,"column":61}},"65":{"start":{"line":119,"column":0},"end":{"line":121,"column":2}},"66":{"start":{"line":120,"column":4},"end":{"line":120,"column":64}},"67":{"start":{"line":123,"column":0},"end":{"line":148,"column":2}},"68":{"start":{"line":124,"column":4},"end":{"line":124,"column":61}},"69":{"start":{"line":125,"column":4},"end":{"line":125,"column":14}},"70":{"start":{"line":126,"column":4},"end":{"line":126,"column":27}},"71":{"start":{"line":127,"column":4},"end":{"line":146,"column":5}},"72":{"start":{"line":128,"column":8},"end":{"line":128,"column":21}},"73":{"start":{"line":130,"column":8},"end":{"line":145,"column":9}},"74":{"start":{"line":131,"column":12},"end":{"line":138,"column":13}},"75":{"start":{"line":132,"column":16},"end":{"line":132,"column":40}},"76":{"start":{"line":133,"column":16},"end":{"line":137,"column":17}},"77":{"start":{"line":134,"column":20},"end":{"line":134,"column":63}},"78":{"start":{"line":136,"column":20},"end":{"line":136,"column":63}},"79":{"start":{"line":139,"column":12},"end":{"line":141,"column":13}},"80":{"start":{"line":140,"column":16},"end":{"line":140,"column":36}},"81":{"start":{"line":143,"column":12},"end":{"line":143,"column":25}},"82":{"start":{"line":144,"column":12},"end":{"line":144,"column":27}},"83":{"start":{"line":147,"column":4},"end":{"line":147,"column":45}},"84":{"start":{"line":150,"column":0},"end":{"line":152,"column":2}},"85":{"start":{"line":151,"column":4},"end":{"line":151,"column":60}},"86":{"start":{"line":154,"column":0},"end":{"line":156,"column":2}},"87":{"start":{"line":155,"column":4},"end":{"line":155,"column":61}},"88":{"start":{"line":158,"column":0},"end":{"line":160,"column":2}},"89":{"start":{"line":159,"column":4},"end":{"line":159,"column":51}},"90":{"start":{"line":162,"column":0},"end":{"line":164,"column":2}},"91":{"start":{"line":163,"column":4},"end":{"line":163,"column":59}},"92":{"start":{"line":166,"column":0},"end":{"line":184,"column":2}},"93":{"start":{"line":167,"column":4},"end":{"line":167,"column":15}},"94":{"start":{"line":168,"column":4},"end":{"line":171,"column":5}},"95":{"start":{"line":169,"column":8},"end":{"line":169,"column":23}},"96":{"start":{"line":170,"column":8},"end":{"line":170,"column":26}},"97":{"start":{"line":172,"column":4},"end":{"line":179,"column":6}},"98":{"start":{"line":180,"column":4},"end":{"line":182,"column":5}},"99":{"start":{"line":181,"column":8},"end":{"line":181,"column":35}},"100":{"start":{"line":183,"column":4},"end":{"line":183,"column":54}},"101":{"start":{"line":186,"column":0},"end":{"line":197,"column":2}},"102":{"start":{"line":187,"column":4},"end":{"line":187,"column":15}},"103":{"start":{"line":188,"column":4},"end":{"line":195,"column":6}},"104":{"start":{"line":196,"column":4},"end":{"line":196,"column":60}},"105":{"start":{"line":199,"column":0},"end":{"line":205,"column":2}},"106":{"start":{"line":200,"column":4},"end":{"line":200,"column":15}},"107":{"start":{"line":201,"column":4},"end":{"line":203,"column":6}},"108":{"start":{"line":204,"column":4},"end":{"line":204,"column":57}},"109":{"start":{"line":207,"column":0},"end":{"line":209,"column":2}},"110":{"start":{"line":208,"column":4},"end":{"line":208,"column":57}},"111":{"start":{"line":211,"column":0},"end":{"line":219,"column":2}},"112":{"start":{"line":212,"column":4},"end":{"line":212,"column":15}},"113":{"start":{"line":213,"column":4},"end":{"line":217,"column":6}},"114":{"start":{"line":215,"column":12},"end":{"line":215,"column":32}},"115":{"start":{"line":218,"column":4},"end":{"line":218,"column":63}},"116":{"start":{"line":221,"column":0},"end":{"line":233,"column":2}},"117":{"start":{"line":222,"column":4},"end":{"line":222,"column":15}},"118":{"start":{"line":223,"column":4},"end":{"line":231,"column":6}},"119":{"start":{"line":232,"column":4},"end":{"line":232,"column":65}},"120":{"start":{"line":235,"column":0},"end":{"line":241,"column":2}},"121":{"start":{"line":236,"column":4},"end":{"line":236,"column":15}},"122":{"start":{"line":237,"column":4},"end":{"line":239,"column":6}},"123":{"start":{"line":240,"column":4},"end":{"line":240,"column":57}},"124":{"start":{"line":243,"column":0},"end":{"line":245,"column":2}},"125":{"start":{"line":244,"column":4},"end":{"line":244,"column":47}},"126":{"start":{"line":247,"column":0},"end":{"line":249,"column":2}},"127":{"start":{"line":248,"column":4},"end":{"line":248,"column":50}},"128":{"start":{"line":251,"column":0},"end":{"line":270,"column":2}},"129":{"start":{"line":252,"column":4},"end":{"line":252,"column":43}},"130":{"start":{"line":253,"column":4},"end":{"line":255,"column":6}},"131":{"start":{"line":256,"column":4},"end":{"line":268,"column":5}},"132":{"start":{"line":257,"column":8},"end":{"line":257,"column":21}},"133":{"start":{"line":259,"column":8},"end":{"line":267,"column":9}},"134":{"start":{"line":260,"column":12},"end":{"line":263,"column":13}},"135":{"start":{"line":261,"column":16},"end":{"line":261,"column":40}},"136":{"start":{"line":262,"column":16},"end":{"line":262,"column":39}},"137":{"start":{"line":265,"column":12},"end":{"line":265,"column":25}},"138":{"start":{"line":266,"column":12},"end":{"line":266,"column":27}},"139":{"start":{"line":269,"column":4},"end":{"line":269,"column":62}},"140":{"start":{"line":272,"column":0},"end":{"line":291,"column":2}},"141":{"start":{"line":273,"column":4},"end":{"line":273,"column":43}},"142":{"start":{"line":274,"column":4},"end":{"line":276,"column":6}},"143":{"start":{"line":277,"column":4},"end":{"line":289,"column":5}},"144":{"start":{"line":278,"column":8},"end":{"line":278,"column":21}},"145":{"start":{"line":280,"column":8},"end":{"line":288,"column":9}},"146":{"start":{"line":281,"column":12},"end":{"line":284,"column":13}},"147":{"start":{"line":282,"column":16},"end":{"line":282,"column":40}},"148":{"start":{"line":283,"column":16},"end":{"line":283,"column":39}},"149":{"start":{"line":286,"column":12},"end":{"line":286,"column":25}},"150":{"start":{"line":287,"column":12},"end":{"line":287,"column":27}},"151":{"start":{"line":290,"column":4},"end":{"line":290,"column":53}},"152":{"start":{"line":293,"column":0},"end":{"line":301,"column":2}},"153":{"start":{"line":294,"column":4},"end":{"line":294,"column":15}},"154":{"start":{"line":295,"column":4},"end":{"line":299,"column":6}},"155":{"start":{"line":300,"column":4},"end":{"line":300,"column":56}},"156":{"start":{"line":303,"column":0},"end":{"line":314,"column":2}},"157":{"start":{"line":304,"column":4},"end":{"line":304,"column":15}},"158":{"start":{"line":305,"column":4},"end":{"line":312,"column":6}},"159":{"start":{"line":313,"column":4},"end":{"line":313,"column":54}},"160":{"start":{"line":316,"column":0},"end":{"line":322,"column":2}},"161":{"start":{"line":317,"column":4},"end":{"line":317,"column":15}},"162":{"start":{"line":318,"column":4},"end":{"line":320,"column":6}},"163":{"start":{"line":321,"column":4},"end":{"line":321,"column":57}},"164":{"start":{"line":324,"column":0},"end":{"line":330,"column":2}},"165":{"start":{"line":325,"column":4},"end":{"line":325,"column":15}},"166":{"start":{"line":326,"column":4},"end":{"line":328,"column":6}},"167":{"start":{"line":329,"column":4},"end":{"line":329,"column":57}},"168":{"start":{"line":332,"column":0},"end":{"line":334,"column":2}},"169":{"start":{"line":333,"column":4},"end":{"line":333,"column":47}},"170":{"start":{"line":336,"column":0},"end":{"line":338,"column":2}},"171":{"start":{"line":337,"column":4},"end":{"line":337,"column":48}},"172":{"start":{"line":340,"column":0},"end":{"line":342,"column":2}},"173":{"start":{"line":341,"column":4},"end":{"line":341,"column":49}},"174":{"start":{"line":344,"column":0},"end":{"line":346,"column":2}},"175":{"start":{"line":345,"column":4},"end":{"line":345,"column":52}},"176":{"start":{"line":348,"column":0},"end":{"line":352,"column":2}},"177":{"start":{"line":349,"column":4},"end":{"line":351,"column":11}},"178":{"start":{"line":354,"column":0},"end":{"line":356,"column":2}},"179":{"start":{"line":355,"column":4},"end":{"line":355,"column":54}},"180":{"start":{"line":358,"column":0},"end":{"line":360,"column":2}},"181":{"start":{"line":359,"column":4},"end":{"line":359,"column":53}},"182":{"start":{"line":373,"column":0},"end":{"line":382,"column":2}},"183":{"start":{"line":374,"column":4},"end":{"line":374,"column":15}},"184":{"start":{"line":375,"column":4},"end":{"line":380,"column":6}},"185":{"start":{"line":381,"column":4},"end":{"line":381,"column":53}},"186":{"start":{"line":395,"column":0},"end":{"line":404,"column":2}},"187":{"start":{"line":396,"column":4},"end":{"line":396,"column":15}},"188":{"start":{"line":397,"column":4},"end":{"line":402,"column":6}},"189":{"start":{"line":403,"column":4},"end":{"line":403,"column":53}},"190":{"start":{"line":406,"column":0},"end":{"line":406,"column":22}}},"branchMap":{"1":{"line":18,"type":"cond-expr","locations":[{"start":{"line":18,"column":57},"end":{"line":18,"column":71}},{"start":{"line":18,"column":74},"end":{"line":21,"column":5}}]},"2":{"line":26,"type":"if","locations":[{"start":{"line":26,"column":4},"end":{"line":26,"column":4}},{"start":{"line":26,"column":4},"end":{"line":26,"column":4}}]},"3":{"line":26,"type":"binary-expr","locations":[{"start":{"line":26,"column":8},"end":{"line":26,"column":17}},{"start":{"line":26,"column":21},"end":{"line":26,"column":33}}]},"4":{"line":54,"type":"if","locations":[{"start":{"line":54,"column":8},"end":{"line":54,"column":8}},{"start":{"line":54,"column":8},"end":{"line":54,"column":8}}]},"5":{"line":54,"type":"binary-expr","locations":[{"start":{"line":54,"column":12},"end":{"line":54,"column":15}},{"start":{"line":54,"column":20},"end":{"line":54,"column":47}},{"start":{"line":54,"column":51},"end":{"line":54,"column":78}}]},"6":{"line":55,"type":"cond-expr","locations":[{"start":{"line":55,"column":46},"end":{"line":55,"column":49}},{"start":{"line":55,"column":52},"end":{"line":55,"column":71}}]},"7":{"line":65,"type":"if","locations":[{"start":{"line":65,"column":8},"end":{"line":65,"column":8}},{"start":{"line":65,"column":8},"end":{"line":65,"column":8}}]},"8":{"line":81,"type":"if","locations":[{"start":{"line":81,"column":8},"end":{"line":81,"column":8}},{"start":{"line":81,"column":8},"end":{"line":81,"column":8}}]},"9":{"line":81,"type":"binary-expr","locations":[{"start":{"line":81,"column":12},"end":{"line":81,"column":15}},{"start":{"line":81,"column":20},"end":{"line":81,"column":47}},{"start":{"line":81,"column":51},"end":{"line":81,"column":78}}]},"10":{"line":82,"type":"cond-expr","locations":[{"start":{"line":82,"column":46},"end":{"line":82,"column":49}},{"start":{"line":82,"column":52},"end":{"line":82,"column":71}}]},"11":{"line":92,"type":"if","locations":[{"start":{"line":92,"column":8},"end":{"line":92,"column":8}},{"start":{"line":92,"column":8},"end":{"line":92,"column":8}}]},"12":{"line":100,"type":"if","locations":[{"start":{"line":100,"column":4},"end":{"line":100,"column":4}},{"start":{"line":100,"column":4},"end":{"line":100,"column":4}}]},"13":{"line":127,"type":"if","locations":[{"start":{"line":127,"column":4},"end":{"line":127,"column":4}},{"start":{"line":127,"column":4},"end":{"line":127,"column":4}}]},"14":{"line":133,"type":"if","locations":[{"start":{"line":133,"column":16},"end":{"line":133,"column":16}},{"start":{"line":133,"column":16},"end":{"line":133,"column":16}}]},"15":{"line":139,"type":"if","locations":[{"start":{"line":139,"column":12},"end":{"line":139,"column":12}},{"start":{"line":139,"column":12},"end":{"line":139,"column":12}}]},"16":{"line":168,"type":"if","locations":[{"start":{"line":168,"column":4},"end":{"line":168,"column":4}},{"start":{"line":168,"column":4},"end":{"line":168,"column":4}}]},"17":{"line":180,"type":"if","locations":[{"start":{"line":180,"column":4},"end":{"line":180,"column":4}},{"start":{"line":180,"column":4},"end":{"line":180,"column":4}}]},"18":{"line":256,"type":"if","locations":[{"start":{"line":256,"column":4},"end":{"line":256,"column":4}},{"start":{"line":256,"column":4},"end":{"line":256,"column":4}}]},"19":{"line":277,"type":"if","locations":[{"start":{"line":277,"column":4},"end":{"line":277,"column":4}},{"start":{"line":277,"column":4},"end":{"line":277,"column":4}}]}}},"/Users/joshuarossi/bitfinex-api-node/ws.js":{"path":"/Users/joshuarossi/bitfinex-api-node/ws.js","s":{"1":1,"2":2,"3":2,"4":2,"5":2,"6":2,"7":2,"8":2,"9":0,"10":2,"11":2,"12":2,"13":0,"14":2,"15":2,"16":2,"17":2,"18":0,"19":2,"20":0,"21":0,"22":0,"23":2,"24":0,"25":0,"26":0,"27":0,"28":0,"29":0,"30":0,"31":0,"32":0,"33":2,"34":0,"35":0,"36":0,"37":2,"38":0,"39":0,"40":0,"41":0,"42":0,"43":0,"44":0,"45":0,"46":0,"47":2,"48":0,"49":0,"50":0,"51":2,"52":0,"53":0,"54":0,"55":0,"56":0,"57":0,"58":0,"59":0,"60":0,"61":2,"62":0,"63":0,"64":0,"65":0,"66":0,"67":0,"68":0,"69":0,"70":0,"71":0,"72":0,"73":0,"74":2,"75":1},"b":{"1":[0,2],"2":[0,0],"3":[0,0],"4":[0,0],"5":[0,0],"6":[0,0],"7":[0,0],"8":[0,0],"9":[0,0],"10":[0,0],"11":[0,0],"12":[0,0],"13":[0,0],"14":[0,0],"15":[0,0],"16":[0,0],"17":[0,0],"18":[0,0],"19":[0,0]},"f":{"1":2,"2":0,"3":2,"4":0,"5":2,"6":0,"7":0,"8":0,"9":0,"10":0,"11":0,"12":0,"13":0,"14":0,"15":0,"16":0,"17":0,"18":0},"fnMap":{"1":{"name":"(anonymous_1)","line":1,"loc":{"start":{"line":1,"column":9},"end":{"line":1,"column":40}}},"2":{"name":"(anonymous_2)","line":10,"loc":{"start":{"line":10,"column":17},"end":{"line":10,"column":34}}},"3":{"name":"(anonymous_3)","line":13,"loc":{"start":{"line":13,"column":16},"end":{"line":13,"column":28}}},"4":{"name":"(anonymous_4)","line":16,"loc":{"start":{"line":16,"column":17},"end":{"line":16,"column":29}}},"5":{"name":"(anonymous_5)","line":19,"loc":{"start":{"line":19,"column":19},"end":{"line":19,"column":34}}},"6":{"name":"(anonymous_6)","line":28,"loc":{"start":{"line":28,"column":19},"end":{"line":28,"column":35}}},"7":{"name":"(anonymous_7)","line":44,"loc":{"start":{"line":44,"column":25},"end":{"line":44,"column":41}}},"8":{"name":"(anonymous_8)","line":51,"loc":{"start":{"line":51,"column":44},"end":{"line":51,"column":59}}},"9":{"name":"(anonymous_9)","line":63,"loc":{"start":{"line":63,"column":44},"end":{"line":63,"column":59}}},"10":{"name":"(anonymous_10)","line":70,"loc":{"start":{"line":70,"column":19},"end":{"line":70,"column":35}}},"11":{"name":"(anonymous_11)","line":86,"loc":{"start":{"line":86,"column":25},"end":{"line":86,"column":41}}},"12":{"name":"(anonymous_12)","line":93,"loc":{"start":{"line":93,"column":44},"end":{"line":93,"column":59}}},"13":{"name":"(anonymous_13)","line":105,"loc":{"start":{"line":105,"column":44},"end":{"line":105,"column":59}}},"14":{"name":"(anonymous_14)","line":112,"loc":{"start":{"line":112,"column":17},"end":{"line":112,"column":33}}},"15":{"name":"(anonymous_15)","line":130,"loc":{"start":{"line":130,"column":23},"end":{"line":130,"column":39}}},"16":{"name":"(anonymous_16)","line":137,"loc":{"start":{"line":137,"column":44},"end":{"line":137,"column":59}}},"17":{"name":"(anonymous_17)","line":149,"loc":{"start":{"line":149,"column":44},"end":{"line":149,"column":59}}},"18":{"name":"(anonymous_18)","line":156,"loc":{"start":{"line":156,"column":14},"end":{"line":156,"column":45}}}},"statementMap":{"1":{"start":{"line":1,"column":0},"end":{"line":181,"column":2}},"2":{"start":{"line":2,"column":4},"end":{"line":2,"column":34}},"3":{"start":{"line":3,"column":4},"end":{"line":3,"column":62}},"4":{"start":{"line":4,"column":4},"end":{"line":4,"column":25}},"5":{"start":{"line":5,"column":4},"end":{"line":5,"column":31}},"6":{"start":{"line":7,"column":4},"end":{"line":7,"column":21}},"7":{"start":{"line":9,"column":4},"end":{"line":9,"column":20}},"8":{"start":{"line":10,"column":4},"end":{"line":12,"column":6}},"9":{"start":{"line":11,"column":8},"end":{"line":11,"column":34}},"10":{"start":{"line":13,"column":4},"end":{"line":15,"column":6}},"11":{"start":{"line":14,"column":8},"end":{"line":14,"column":44}},"12":{"start":{"line":16,"column":4},"end":{"line":18,"column":6}},"13":{"start":{"line":17,"column":8},"end":{"line":17,"column":44}},"14":{"start":{"line":19,"column":4},"end":{"line":27,"column":6}},"15":{"start":{"line":20,"column":8},"end":{"line":20,"column":35}},"16":{"start":{"line":21,"column":8},"end":{"line":21,"column":33}},"17":{"start":{"line":23,"column":8},"end":{"line":26,"column":9}},"18":{"start":{"line":25,"column":12},"end":{"line":25,"column":66}},"19":{"start":{"line":28,"column":4},"end":{"line":43,"column":6}},"20":{"start":{"line":29,"column":8},"end":{"line":42,"column":9}},"21":{"start":{"line":30,"column":12},"end":{"line":34,"column":15}},"22":{"start":{"line":37,"column":12},"end":{"line":41,"column":15}},"23":{"start":{"line":44,"column":4},"end":{"line":69,"column":6}},"24":{"start":{"line":45,"column":8},"end":{"line":68,"column":9}},"25":{"start":{"line":46,"column":12},"end":{"line":50,"column":16}},"26":{"start":{"line":51,"column":12},"end":{"line":55,"column":14}},"27":{"start":{"line":52,"column":16},"end":{"line":54,"column":17}},"28":{"start":{"line":53,"column":20},"end":{"line":53,"column":43}},"29":{"start":{"line":58,"column":12},"end":{"line":62,"column":16}},"30":{"start":{"line":63,"column":12},"end":{"line":67,"column":14}},"31":{"start":{"line":64,"column":16},"end":{"line":66,"column":17}},"32":{"start":{"line":65,"column":20},"end":{"line":65,"column":43}},"33":{"start":{"line":70,"column":4},"end":{"line":85,"column":6}},"34":{"start":{"line":71,"column":8},"end":{"line":84,"column":9}},"35":{"start":{"line":72,"column":12},"end":{"line":76,"column":15}},"36":{"start":{"line":79,"column":12},"end":{"line":83,"column":15}},"37":{"start":{"line":86,"column":4},"end":{"line":111,"column":6}},"38":{"start":{"line":87,"column":8},"end":{"line":110,"column":9}},"39":{"start":{"line":88,"column":12},"end":{"line":92,"column":16}},"40":{"start":{"line":93,"column":12},"end":{"line":97,"column":14}},"41":{"start":{"line":94,"column":16},"end":{"line":96,"column":17}},"42":{"start":{"line":95,"column":20},"end":{"line":95,"column":43}},"43":{"start":{"line":100,"column":12},"end":{"line":104,"column":16}},"44":{"start":{"line":105,"column":12},"end":{"line":109,"column":14}},"45":{"start":{"line":106,"column":16},"end":{"line":108,"column":17}},"46":{"start":{"line":107,"column":20},"end":{"line":107,"column":43}},"47":{"start":{"line":112,"column":4},"end":{"line":129,"column":6}},"48":{"start":{"line":113,"column":8},"end":{"line":128,"column":9}},"49":{"start":{"line":114,"column":12},"end":{"line":119,"column":15}},"50":{"start":{"line":122,"column":12},"end":{"line":127,"column":15}},"51":{"start":{"line":130,"column":4},"end":{"line":155,"column":6}},"52":{"start":{"line":131,"column":8},"end":{"line":154,"column":9}},"53":{"start":{"line":132,"column":12},"end":{"line":136,"column":16}},"54":{"start":{"line":137,"column":12},"end":{"line":141,"column":14}},"55":{"start":{"line":138,"column":16},"end":{"line":140,"column":17}},"56":{"start":{"line":139,"column":20},"end":{"line":139,"column":43}},"57":{"start":{"line":144,"column":12},"end":{"line":148,"column":16}},"58":{"start":{"line":149,"column":12},"end":{"line":153,"column":14}},"59":{"start":{"line":150,"column":16},"end":{"line":152,"column":17}},"60":{"start":{"line":151,"column":20},"end":{"line":151,"column":43}},"61":{"start":{"line":156,"column":4},"end":{"line":179,"column":6}},"62":{"start":{"line":157,"column":8},"end":{"line":161,"column":9}},"63":{"start":{"line":159,"column":12},"end":{"line":159,"column":38}},"64":{"start":{"line":160,"column":12},"end":{"line":160,"column":44}},"65":{"start":{"line":162,"column":8},"end":{"line":166,"column":9}},"66":{"start":{"line":164,"column":12},"end":{"line":164,"column":41}},"67":{"start":{"line":165,"column":12},"end":{"line":165,"column":35}},"68":{"start":{"line":167,"column":8},"end":{"line":169,"column":9}},"69":{"start":{"line":168,"column":16},"end":{"line":168,"column":62}},"70":{"start":{"line":170,"column":8},"end":{"line":170,"column":39}},"71":{"start":{"line":171,"column":8},"end":{"line":171,"column":54}},"72":{"start":{"line":172,"column":8},"end":{"line":172,"column":99}},"73":{"start":{"line":173,"column":8},"end":{"line":178,"column":12}},"74":{"start":{"line":180,"column":4},"end":{"line":180,"column":14}},"75":{"start":{"line":182,"column":0},"end":{"line":182,"column":20}}},"branchMap":{"1":{"line":23,"type":"if","locations":[{"start":{"line":23,"column":8},"end":{"line":23,"column":8}},{"start":{"line":23,"column":8},"end":{"line":23,"column":8}}]},"2":{"line":29,"type":"if","locations":[{"start":{"line":29,"column":8},"end":{"line":29,"column":8}},{"start":{"line":29,"column":8},"end":{"line":29,"column":8}}]},"3":{"line":45,"type":"if","locations":[{"start":{"line":45,"column":8},"end":{"line":45,"column":8}},{"start":{"line":45,"column":8},"end":{"line":45,"column":8}}]},"4":{"line":52,"type":"if","locations":[{"start":{"line":52,"column":16},"end":{"line":52,"column":16}},{"start":{"line":52,"column":16},"end":{"line":52,"column":16}}]},"5":{"line":64,"type":"if","locations":[{"start":{"line":64,"column":16},"end":{"line":64,"column":16}},{"start":{"line":64,"column":16},"end":{"line":64,"column":16}}]},"6":{"line":71,"type":"if","locations":[{"start":{"line":71,"column":8},"end":{"line":71,"column":8}},{"start":{"line":71,"column":8},"end":{"line":71,"column":8}}]},"7":{"line":87,"type":"if","locations":[{"start":{"line":87,"column":8},"end":{"line":87,"column":8}},{"start":{"line":87,"column":8},"end":{"line":87,"column":8}}]},"8":{"line":94,"type":"if","locations":[{"start":{"line":94,"column":16},"end":{"line":94,"column":16}},{"start":{"line":94,"column":16},"end":{"line":94,"column":16}}]},"9":{"line":106,"type":"if","locations":[{"start":{"line":106,"column":16},"end":{"line":106,"column":16}},{"start":{"line":106,"column":16},"end":{"line":106,"column":16}}]},"10":{"line":113,"type":"if","locations":[{"start":{"line":113,"column":8},"end":{"line":113,"column":8}},{"start":{"line":113,"column":8},"end":{"line":113,"column":8}}]},"11":{"line":131,"type":"if","locations":[{"start":{"line":131,"column":8},"end":{"line":131,"column":8}},{"start":{"line":131,"column":8},"end":{"line":131,"column":8}}]},"12":{"line":138,"type":"if","locations":[{"start":{"line":138,"column":16},"end":{"line":138,"column":16}},{"start":{"line":138,"column":16},"end":{"line":138,"column":16}}]},"13":{"line":150,"type":"if","locations":[{"start":{"line":150,"column":16},"end":{"line":150,"column":16}},{"start":{"line":150,"column":16},"end":{"line":150,"column":16}}]},"14":{"line":157,"type":"if","locations":[{"start":{"line":157,"column":8},"end":{"line":157,"column":8}},{"start":{"line":157,"column":8},"end":{"line":157,"column":8}}]},"15":{"line":157,"type":"binary-expr","locations":[{"start":{"line":157,"column":12},"end":{"line":157,"column":22}},{"start":{"line":157,"column":26},"end":{"line":157,"column":39}}]},"16":{"line":162,"type":"if","locations":[{"start":{"line":162,"column":8},"end":{"line":162,"column":8}},{"start":{"line":162,"column":8},"end":{"line":162,"column":8}}]},"17":{"line":162,"type":"binary-expr","locations":[{"start":{"line":162,"column":12},"end":{"line":162,"column":19}},{"start":{"line":162,"column":23},"end":{"line":162,"column":33}}]},"18":{"line":167,"type":"if","locations":[{"start":{"line":167,"column":8},"end":{"line":167,"column":8}},{"start":{"line":167,"column":8},"end":{"line":167,"column":8}}]},"19":{"line":167,"type":"binary-expr","locations":[{"start":{"line":167,"column":12},"end":{"line":167,"column":25}},{"start":{"line":167,"column":29},"end":{"line":167,"column":45}}]}}}}