{"/Users/acterry/github/acterry/bitfinex-api-node/index.js":{"path":"/Users/acterry/github/acterry/bitfinex-api-node/index.js","s":{"1":1,"2":1,"3":1,"4":15,"5":15,"6":15,"7":15,"8":1,"9":1,"10":1},"b":{},"f":{"1":15},"fnMap":{"1":{"name":"(anonymous_1)","line":6,"loc":{"start":{"line":6,"column":10},"end":{"line":6,"column":40}}}},"statementMap":{"1":{"start":{"line":3,"column":0},"end":{"line":3,"column":35}},"2":{"start":{"line":4,"column":0},"end":{"line":4,"column":28}},"3":{"start":{"line":6,"column":0},"end":{"line":11,"column":2}},"4":{"start":{"line":7,"column":4},"end":{"line":7,"column":27}},"5":{"start":{"line":8,"column":4},"end":{"line":8,"column":33}},"6":{"start":{"line":9,"column":4},"end":{"line":9,"column":59}},"7":{"start":{"line":10,"column":4},"end":{"line":10,"column":52}},"8":{"start":{"line":13,"column":0},"end":{"line":13,"column":12}},"9":{"start":{"line":14,"column":0},"end":{"line":14,"column":22}},"10":{"start":{"line":16,"column":0},"end":{"line":16,"column":21}}},"branchMap":{}},"/Users/acterry/github/acterry/bitfinex-api-node/rest.js":{"path":"/Users/acterry/github/acterry/bitfinex-api-node/rest.js","s":{"1":1,"2":1,"3":1,"4":1,"5":1,"6":1,"7":15,"8":15,"9":15,"10":15,"11":15,"12":15,"13":21,"14":1,"15":21,"16":21,"17":0,"18":21,"19":21,"20":21,"21":21,"22":21,"23":36,"24":36,"25":21,"26":21,"27":21,"28":21,"29":21,"30":21,"31":3,"32":18,"33":18,"34":0,"35":0,"36":18,"37":6,"38":12,"39":1,"40":10,"41":10,"42":10,"43":10,"44":10,"45":1,"46":9,"47":9,"48":0,"49":0,"50":9,"51":0,"52":9,"53":1,"54":1,"55":0,"56":0,"57":0,"58":1,"59":1,"60":1,"61":1,"62":1,"63":1,"64":2,"65":2,"66":2,"67":2,"68":1,"69":1,"70":1,"71":2,"72":2,"73":1,"74":1,"75":1,"76":1,"77":0,"78":0,"79":2,"80":1,"81":1,"82":1,"83":1,"84":1,"85":1,"86":0,"87":0,"88":0,"89":0,"90":0,"91":0,"92":0,"93":0,"94":0,"95":0,"96":1,"97":1,"98":0,"99":1,"100":1,"101":1,"102":1,"103":1,"104":1,"105":1,"106":1,"107":1,"108":0,"109":0,"110":1,"111":1,"112":0,"113":1,"114":1,"115":1,"116":1,"117":1,"118":1,"119":1,"120":1,"121":1,"122":1,"123":0,"124":1,"125":0,"126":0,"127":0,"128":0,"129":1,"130":1,"131":1,"132":1,"133":1,"134":0,"135":0,"136":0,"137":1,"138":1,"139":1,"140":1,"141":1,"142":0,"143":0,"144":0,"145":1,"146":1,"147":1,"148":1,"149":0,"150":1,"151":1,"152":0,"153":0,"154":0,"155":0,"156":1,"157":1,"158":1,"159":1,"160":1,"161":0,"162":1,"163":1,"164":0,"165":0,"166":0,"167":0,"168":1,"169":1,"170":1,"171":1,"172":1,"173":0,"174":1,"175":1,"176":0,"177":0,"178":0,"179":0,"180":1,"181":1,"182":1,"183":1,"184":1,"185":1,"186":1,"187":1,"188":1,"189":1,"190":1,"191":1,"192":1,"193":1,"194":1,"195":1,"196":1,"197":1,"198":0,"199":1,"200":1,"201":1,"202":1,"203":1,"204":1,"205":1,"206":1,"207":1,"208":0,"209":1,"210":2,"211":1,"212":1,"213":1,"214":1,"215":1,"216":1,"217":1,"218":1,"219":1,"220":1,"221":1},"b":{"1":[0,15],"2":[0,21],"3":[21,21],"4":[3,18],"5":[21,21,9],"6":[0,3],"7":[6,12],"8":[1,9],"9":[10,9,0],"10":[1,0],"11":[0,9],"12":[0,1],"13":[1,1],"14":[1,1],"15":[1,0],"16":[1,0],"17":[0,0],"18":[0,0],"19":[0,1],"20":[0,1],"21":[0,1],"22":[0,1],"23":[0,1]},"f":{"1":15,"2":21,"3":21,"4":21,"5":10,"6":10,"7":1,"8":0,"9":1,"10":1,"11":2,"12":1,"13":0,"14":1,"15":1,"16":1,"17":1,"18":1,"19":1,"20":0,"21":0,"22":0,"23":1,"24":0,"25":1,"26":1,"27":0,"28":1,"29":1,"30":1,"31":1,"32":1,"33":1,"34":1,"35":0,"36":1,"37":1,"38":1,"39":1,"40":0,"41":2,"42":1,"43":1,"44":1},"fnMap":{"1":{"name":"rest","line":12,"loc":{"start":{"line":12,"column":0},"end":{"line":12,"column":43}}},"2":{"name":"(anonymous_2)","line":18,"loc":{"start":{"line":18,"column":74},"end":{"line":18,"column":86}}},"3":{"name":"(anonymous_3)","line":24,"loc":{"start":{"line":24,"column":30},"end":{"line":24,"column":62}}},"4":{"name":"(anonymous_4)","line":52,"loc":{"start":{"line":52,"column":7},"end":{"line":52,"column":38}}},"5":{"name":"(anonymous_5)","line":72,"loc":{"start":{"line":72,"column":37},"end":{"line":72,"column":57}}},"6":{"name":"(anonymous_6)","line":79,"loc":{"start":{"line":79,"column":7},"end":{"line":79,"column":38}}},"7":{"name":"(anonymous_7)","line":99,"loc":{"start":{"line":99,"column":24},"end":{"line":99,"column":46}}},"8":{"name":"(anonymous_8)","line":102,"loc":{"start":{"line":102,"column":13},"end":{"line":102,"column":34}}},"9":{"name":"(anonymous_9)","line":107,"loc":{"start":{"line":107,"column":23},"end":{"line":107,"column":45}}},"10":{"name":"(anonymous_10)","line":111,"loc":{"start":{"line":111,"column":23},"end":{"line":111,"column":45}}},"11":{"name":"(anonymous_11)","line":119,"loc":{"start":{"line":119,"column":29},"end":{"line":119,"column":62}}},"12":{"name":"(anonymous_12)","line":146,"loc":{"start":{"line":146,"column":27},"end":{"line":146,"column":58}}},"13":{"name":"(anonymous_13)","line":172,"loc":{"start":{"line":172,"column":24},"end":{"line":172,"column":46}}},"14":{"name":"(anonymous_14)","line":176,"loc":{"start":{"line":176,"column":23},"end":{"line":176,"column":47}}},"15":{"name":"(anonymous_15)","line":180,"loc":{"start":{"line":180,"column":29},"end":{"line":180,"column":43}}},"16":{"name":"(anonymous_16)","line":184,"loc":{"start":{"line":184,"column":33},"end":{"line":184,"column":47}}},"17":{"name":"(anonymous_17)","line":188,"loc":{"start":{"line":188,"column":27},"end":{"line":188,"column":97}}},"18":{"name":"(anonymous_18)","line":208,"loc":{"start":{"line":208,"column":37},"end":{"line":208,"column":59}}},"19":{"name":"(anonymous_19)","line":216,"loc":{"start":{"line":216,"column":30},"end":{"line":216,"column":54}}},"20":{"name":"(anonymous_20)","line":224,"loc":{"start":{"line":224,"column":35},"end":{"line":224,"column":49}}},"21":{"name":"(anonymous_21)","line":228,"loc":{"start":{"line":228,"column":40},"end":{"line":228,"column":65}}},"22":{"name":"(anonymous_22)","line":231,"loc":{"start":{"line":231,"column":33},"end":{"line":231,"column":47}}},"23":{"name":"(anonymous_23)","line":238,"loc":{"start":{"line":238,"column":31},"end":{"line":238,"column":100}}},"24":{"name":"(anonymous_24)","line":252,"loc":{"start":{"line":252,"column":30},"end":{"line":252,"column":54}}},"25":{"name":"(anonymous_25)","line":260,"loc":{"start":{"line":260,"column":31},"end":{"line":260,"column":45}}},"26":{"name":"(anonymous_26)","line":264,"loc":{"start":{"line":264,"column":34},"end":{"line":264,"column":48}}},"27":{"name":"(anonymous_27)","line":268,"loc":{"start":{"line":268,"column":32},"end":{"line":268,"column":59}}},"28":{"name":"(anonymous_28)","line":276,"loc":{"start":{"line":276,"column":33},"end":{"line":276,"column":66}}},"29":{"name":"(anonymous_29)","line":297,"loc":{"start":{"line":297,"column":27},"end":{"line":297,"column":60}}},"30":{"name":"(anonymous_30)","line":318,"loc":{"start":{"line":318,"column":29},"end":{"line":318,"column":60}}},"31":{"name":"(anonymous_31)","line":339,"loc":{"start":{"line":339,"column":29},"end":{"line":339,"column":74}}},"32":{"name":"(anonymous_32)","line":349,"loc":{"start":{"line":349,"column":27},"end":{"line":349,"column":84}}},"33":{"name":"(anonymous_33)","line":361,"loc":{"start":{"line":361,"column":30},"end":{"line":361,"column":54}}},"34":{"name":"(anonymous_34)","line":369,"loc":{"start":{"line":369,"column":30},"end":{"line":369,"column":54}}},"35":{"name":"(anonymous_35)","line":377,"loc":{"start":{"line":377,"column":31},"end":{"line":377,"column":45}}},"36":{"name":"(anonymous_36)","line":381,"loc":{"start":{"line":381,"column":32},"end":{"line":381,"column":46}}},"37":{"name":"(anonymous_37)","line":385,"loc":{"start":{"line":385,"column":33},"end":{"line":385,"column":47}}},"38":{"name":"(anonymous_38)","line":389,"loc":{"start":{"line":389,"column":29},"end":{"line":389,"column":43}}},"39":{"name":"(anonymous_39)","line":393,"loc":{"start":{"line":393,"column":35},"end":{"line":393,"column":49}}},"40":{"name":"(anonymous_40)","line":397,"loc":{"start":{"line":397,"column":28},"end":{"line":397,"column":51}}},"41":{"name":"(anonymous_41)","line":403,"loc":{"start":{"line":403,"column":31},"end":{"line":403,"column":45}}},"42":{"name":"(anonymous_42)","line":407,"loc":{"start":{"line":407,"column":30},"end":{"line":407,"column":44}}},"43":{"name":"(anonymous_43)","line":422,"loc":{"start":{"line":422,"column":26},"end":{"line":422,"column":88}}},"44":{"name":"(anonymous_44)","line":444,"loc":{"start":{"line":444,"column":26},"end":{"line":444,"column":80}}}},"statementMap":{"1":{"start":{"line":1,"column":0},"end":{"line":1,"column":24}},"2":{"start":{"line":3,"column":0},"end":{"line":3,"column":47}},"3":{"start":{"line":5,"column":0},"end":{"line":5,"column":29}},"4":{"start":{"line":7,"column":0},"end":{"line":7,"column":27}},"5":{"start":{"line":9,"column":0},"end":{"line":9,"column":28}},"6":{"start":{"line":12,"column":0},"end":{"line":22,"column":1}},"7":{"start":{"line":13,"column":4},"end":{"line":13,"column":42}},"8":{"start":{"line":14,"column":4},"end":{"line":14,"column":24}},"9":{"start":{"line":15,"column":4},"end":{"line":15,"column":19}},"10":{"start":{"line":16,"column":4},"end":{"line":16,"column":25}},"11":{"start":{"line":17,"column":4},"end":{"line":17,"column":38}},"12":{"start":{"line":18,"column":4},"end":{"line":21,"column":6}},"13":{"start":{"line":20,"column":8},"end":{"line":20,"column":28}},"14":{"start":{"line":24,"column":0},"end":{"line":70,"column":2}},"15":{"start":{"line":25,"column":4},"end":{"line":25,"column":66}},"16":{"start":{"line":26,"column":4},"end":{"line":28,"column":5}},"17":{"start":{"line":27,"column":8},"end":{"line":27,"column":58}},"18":{"start":{"line":29,"column":4},"end":{"line":29,"column":47}},"19":{"start":{"line":30,"column":4},"end":{"line":30,"column":26}},"20":{"start":{"line":31,"column":4},"end":{"line":31,"column":42}},"21":{"start":{"line":32,"column":4},"end":{"line":35,"column":6}},"22":{"start":{"line":36,"column":4},"end":{"line":39,"column":5}},"23":{"start":{"line":37,"column":8},"end":{"line":37,"column":28}},"24":{"start":{"line":38,"column":8},"end":{"line":38,"column":29}},"25":{"start":{"line":40,"column":4},"end":{"line":40,"column":69}},"26":{"start":{"line":41,"column":4},"end":{"line":41,"column":87}},"27":{"start":{"line":42,"column":4},"end":{"line":46,"column":6}},"28":{"start":{"line":47,"column":4},"end":{"line":69,"column":7}},"29":{"start":{"line":53,"column":8},"end":{"line":53,"column":34}},"30":{"start":{"line":54,"column":8},"end":{"line":56,"column":9}},"31":{"start":{"line":55,"column":12},"end":{"line":55,"column":74}},"32":{"start":{"line":57,"column":8},"end":{"line":64,"column":9}},"33":{"start":{"line":58,"column":12},"end":{"line":58,"column":38}},"34":{"start":{"line":60,"column":12},"end":{"line":60,"column":27}},"35":{"start":{"line":61,"column":12},"end":{"line":63,"column":15}},"36":{"start":{"line":65,"column":8},"end":{"line":67,"column":9}},"37":{"start":{"line":66,"column":12},"end":{"line":66,"column":49}},"38":{"start":{"line":68,"column":8},"end":{"line":68,"column":32}},"39":{"start":{"line":72,"column":0},"end":{"line":97,"column":2}},"40":{"start":{"line":73,"column":4},"end":{"line":73,"column":12}},"41":{"start":{"line":74,"column":4},"end":{"line":74,"column":35}},"42":{"start":{"line":75,"column":4},"end":{"line":96,"column":7}},"43":{"start":{"line":80,"column":8},"end":{"line":80,"column":34}},"44":{"start":{"line":81,"column":8},"end":{"line":83,"column":9}},"45":{"start":{"line":82,"column":12},"end":{"line":82,"column":74}},"46":{"start":{"line":84,"column":8},"end":{"line":91,"column":9}},"47":{"start":{"line":85,"column":12},"end":{"line":85,"column":38}},"48":{"start":{"line":87,"column":12},"end":{"line":87,"column":27}},"49":{"start":{"line":88,"column":12},"end":{"line":90,"column":15}},"50":{"start":{"line":92,"column":8},"end":{"line":94,"column":9}},"51":{"start":{"line":93,"column":12},"end":{"line":93,"column":49}},"52":{"start":{"line":95,"column":8},"end":{"line":95,"column":32}},"53":{"start":{"line":99,"column":0},"end":{"line":105,"column":2}},"54":{"start":{"line":100,"column":4},"end":{"line":103,"column":5}},"55":{"start":{"line":101,"column":8},"end":{"line":101,"column":26}},"56":{"start":{"line":102,"column":8},"end":{"line":102,"column":53}},"57":{"start":{"line":102,"column":35},"end":{"line":102,"column":52}},"58":{"start":{"line":104,"column":4},"end":{"line":104,"column":63}},"59":{"start":{"line":107,"column":0},"end":{"line":109,"column":2}},"60":{"start":{"line":108,"column":4},"end":{"line":108,"column":59}},"61":{"start":{"line":111,"column":0},"end":{"line":113,"column":2}},"62":{"start":{"line":112,"column":4},"end":{"line":112,"column":59}},"63":{"start":{"line":119,"column":0},"end":{"line":144,"column":2}},"64":{"start":{"line":120,"column":4},"end":{"line":120,"column":61}},"65":{"start":{"line":121,"column":4},"end":{"line":121,"column":14}},"66":{"start":{"line":122,"column":4},"end":{"line":122,"column":33}},"67":{"start":{"line":123,"column":4},"end":{"line":142,"column":5}},"68":{"start":{"line":124,"column":8},"end":{"line":124,"column":21}},"69":{"start":{"line":126,"column":8},"end":{"line":141,"column":9}},"70":{"start":{"line":127,"column":12},"end":{"line":134,"column":13}},"71":{"start":{"line":128,"column":16},"end":{"line":128,"column":40}},"72":{"start":{"line":129,"column":16},"end":{"line":133,"column":17}},"73":{"start":{"line":130,"column":20},"end":{"line":130,"column":63}},"74":{"start":{"line":132,"column":20},"end":{"line":132,"column":63}},"75":{"start":{"line":135,"column":12},"end":{"line":137,"column":13}},"76":{"start":{"line":136,"column":16},"end":{"line":136,"column":36}},"77":{"start":{"line":139,"column":12},"end":{"line":139,"column":25}},"78":{"start":{"line":140,"column":12},"end":{"line":140,"column":27}},"79":{"start":{"line":143,"column":4},"end":{"line":143,"column":45}},"80":{"start":{"line":146,"column":0},"end":{"line":171,"column":2}},"81":{"start":{"line":147,"column":4},"end":{"line":147,"column":61}},"82":{"start":{"line":148,"column":4},"end":{"line":148,"column":14}},"83":{"start":{"line":149,"column":4},"end":{"line":149,"column":27}},"84":{"start":{"line":150,"column":4},"end":{"line":169,"column":5}},"85":{"start":{"line":151,"column":8},"end":{"line":151,"column":21}},"86":{"start":{"line":153,"column":8},"end":{"line":168,"column":9}},"87":{"start":{"line":154,"column":12},"end":{"line":161,"column":13}},"88":{"start":{"line":155,"column":16},"end":{"line":155,"column":40}},"89":{"start":{"line":156,"column":16},"end":{"line":160,"column":17}},"90":{"start":{"line":157,"column":20},"end":{"line":157,"column":63}},"91":{"start":{"line":159,"column":20},"end":{"line":159,"column":63}},"92":{"start":{"line":162,"column":12},"end":{"line":164,"column":13}},"93":{"start":{"line":163,"column":16},"end":{"line":163,"column":36}},"94":{"start":{"line":166,"column":12},"end":{"line":166,"column":25}},"95":{"start":{"line":167,"column":12},"end":{"line":167,"column":27}},"96":{"start":{"line":170,"column":4},"end":{"line":170,"column":45}},"97":{"start":{"line":172,"column":0},"end":{"line":174,"column":2}},"98":{"start":{"line":173,"column":4},"end":{"line":173,"column":60}},"99":{"start":{"line":176,"column":0},"end":{"line":178,"column":2}},"100":{"start":{"line":177,"column":4},"end":{"line":177,"column":61}},"101":{"start":{"line":180,"column":0},"end":{"line":182,"column":2}},"102":{"start":{"line":181,"column":4},"end":{"line":181,"column":51}},"103":{"start":{"line":184,"column":0},"end":{"line":186,"column":2}},"104":{"start":{"line":185,"column":4},"end":{"line":185,"column":59}},"105":{"start":{"line":188,"column":0},"end":{"line":206,"column":2}},"106":{"start":{"line":189,"column":4},"end":{"line":189,"column":15}},"107":{"start":{"line":190,"column":4},"end":{"line":193,"column":5}},"108":{"start":{"line":191,"column":8},"end":{"line":191,"column":23}},"109":{"start":{"line":192,"column":8},"end":{"line":192,"column":26}},"110":{"start":{"line":194,"column":4},"end":{"line":201,"column":6}},"111":{"start":{"line":202,"column":4},"end":{"line":204,"column":5}},"112":{"start":{"line":203,"column":8},"end":{"line":203,"column":35}},"113":{"start":{"line":205,"column":4},"end":{"line":205,"column":54}},"114":{"start":{"line":208,"column":0},"end":{"line":214,"column":2}},"115":{"start":{"line":209,"column":4},"end":{"line":209,"column":15}},"116":{"start":{"line":210,"column":4},"end":{"line":212,"column":6}},"117":{"start":{"line":213,"column":4},"end":{"line":213,"column":60}},"118":{"start":{"line":216,"column":0},"end":{"line":222,"column":2}},"119":{"start":{"line":217,"column":4},"end":{"line":217,"column":15}},"120":{"start":{"line":218,"column":4},"end":{"line":220,"column":6}},"121":{"start":{"line":221,"column":4},"end":{"line":221,"column":57}},"122":{"start":{"line":224,"column":0},"end":{"line":226,"column":2}},"123":{"start":{"line":225,"column":4},"end":{"line":225,"column":57}},"124":{"start":{"line":228,"column":0},"end":{"line":236,"column":2}},"125":{"start":{"line":229,"column":4},"end":{"line":229,"column":15}},"126":{"start":{"line":230,"column":4},"end":{"line":234,"column":6}},"127":{"start":{"line":232,"column":12},"end":{"line":232,"column":32}},"128":{"start":{"line":235,"column":4},"end":{"line":235,"column":63}},"129":{"start":{"line":238,"column":0},"end":{"line":250,"column":2}},"130":{"start":{"line":239,"column":4},"end":{"line":239,"column":15}},"131":{"start":{"line":240,"column":4},"end":{"line":248,"column":6}},"132":{"start":{"line":249,"column":4},"end":{"line":249,"column":65}},"133":{"start":{"line":252,"column":0},"end":{"line":258,"column":2}},"134":{"start":{"line":253,"column":4},"end":{"line":253,"column":15}},"135":{"start":{"line":254,"column":4},"end":{"line":256,"column":6}},"136":{"start":{"line":257,"column":4},"end":{"line":257,"column":57}},"137":{"start":{"line":260,"column":0},"end":{"line":262,"column":2}},"138":{"start":{"line":261,"column":4},"end":{"line":261,"column":47}},"139":{"start":{"line":264,"column":0},"end":{"line":266,"column":2}},"140":{"start":{"line":265,"column":4},"end":{"line":265,"column":50}},"141":{"start":{"line":268,"column":0},"end":{"line":274,"column":2}},"142":{"start":{"line":269,"column":4},"end":{"line":269,"column":15}},"143":{"start":{"line":270,"column":4},"end":{"line":272,"column":6}},"144":{"start":{"line":273,"column":4},"end":{"line":273,"column":59}},"145":{"start":{"line":276,"column":0},"end":{"line":295,"column":2}},"146":{"start":{"line":277,"column":4},"end":{"line":277,"column":43}},"147":{"start":{"line":278,"column":4},"end":{"line":280,"column":6}},"148":{"start":{"line":281,"column":4},"end":{"line":293,"column":5}},"149":{"start":{"line":282,"column":8},"end":{"line":282,"column":21}},"150":{"start":{"line":284,"column":8},"end":{"line":292,"column":9}},"151":{"start":{"line":285,"column":12},"end":{"line":288,"column":13}},"152":{"start":{"line":286,"column":16},"end":{"line":286,"column":40}},"153":{"start":{"line":287,"column":16},"end":{"line":287,"column":39}},"154":{"start":{"line":290,"column":12},"end":{"line":290,"column":25}},"155":{"start":{"line":291,"column":12},"end":{"line":291,"column":27}},"156":{"start":{"line":294,"column":4},"end":{"line":294,"column":52}},"157":{"start":{"line":297,"column":0},"end":{"line":316,"column":2}},"158":{"start":{"line":298,"column":4},"end":{"line":298,"column":43}},"159":{"start":{"line":299,"column":4},"end":{"line":301,"column":6}},"160":{"start":{"line":302,"column":4},"end":{"line":314,"column":5}},"161":{"start":{"line":303,"column":8},"end":{"line":303,"column":21}},"162":{"start":{"line":305,"column":8},"end":{"line":313,"column":9}},"163":{"start":{"line":306,"column":12},"end":{"line":309,"column":13}},"164":{"start":{"line":307,"column":16},"end":{"line":307,"column":40}},"165":{"start":{"line":308,"column":16},"end":{"line":308,"column":39}},"166":{"start":{"line":311,"column":12},"end":{"line":311,"column":25}},"167":{"start":{"line":312,"column":12},"end":{"line":312,"column":27}},"168":{"start":{"line":315,"column":4},"end":{"line":315,"column":62}},"169":{"start":{"line":318,"column":0},"end":{"line":337,"column":2}},"170":{"start":{"line":319,"column":4},"end":{"line":319,"column":43}},"171":{"start":{"line":320,"column":4},"end":{"line":322,"column":6}},"172":{"start":{"line":323,"column":4},"end":{"line":335,"column":5}},"173":{"start":{"line":324,"column":8},"end":{"line":324,"column":21}},"174":{"start":{"line":326,"column":8},"end":{"line":334,"column":9}},"175":{"start":{"line":327,"column":12},"end":{"line":330,"column":13}},"176":{"start":{"line":328,"column":16},"end":{"line":328,"column":40}},"177":{"start":{"line":329,"column":16},"end":{"line":329,"column":39}},"178":{"start":{"line":332,"column":12},"end":{"line":332,"column":25}},"179":{"start":{"line":333,"column":12},"end":{"line":333,"column":27}},"180":{"start":{"line":336,"column":4},"end":{"line":336,"column":53}},"181":{"start":{"line":339,"column":0},"end":{"line":347,"column":2}},"182":{"start":{"line":340,"column":4},"end":{"line":340,"column":15}},"183":{"start":{"line":341,"column":4},"end":{"line":345,"column":6}},"184":{"start":{"line":346,"column":4},"end":{"line":346,"column":56}},"185":{"start":{"line":349,"column":0},"end":{"line":359,"column":2}},"186":{"start":{"line":350,"column":4},"end":{"line":350,"column":15}},"187":{"start":{"line":351,"column":4},"end":{"line":357,"column":6}},"188":{"start":{"line":358,"column":4},"end":{"line":358,"column":54}},"189":{"start":{"line":361,"column":0},"end":{"line":367,"column":2}},"190":{"start":{"line":362,"column":4},"end":{"line":362,"column":15}},"191":{"start":{"line":363,"column":4},"end":{"line":365,"column":6}},"192":{"start":{"line":366,"column":4},"end":{"line":366,"column":57}},"193":{"start":{"line":369,"column":0},"end":{"line":375,"column":2}},"194":{"start":{"line":370,"column":4},"end":{"line":370,"column":15}},"195":{"start":{"line":371,"column":4},"end":{"line":373,"column":6}},"196":{"start":{"line":374,"column":4},"end":{"line":374,"column":57}},"197":{"start":{"line":377,"column":0},"end":{"line":379,"column":2}},"198":{"start":{"line":378,"column":4},"end":{"line":378,"column":47}},"199":{"start":{"line":381,"column":0},"end":{"line":383,"column":2}},"200":{"start":{"line":382,"column":4},"end":{"line":382,"column":48}},"201":{"start":{"line":385,"column":0},"end":{"line":387,"column":2}},"202":{"start":{"line":386,"column":4},"end":{"line":386,"column":49}},"203":{"start":{"line":389,"column":0},"end":{"line":391,"column":2}},"204":{"start":{"line":390,"column":4},"end":{"line":390,"column":52}},"205":{"start":{"line":393,"column":0},"end":{"line":395,"column":2}},"206":{"start":{"line":394,"column":4},"end":{"line":394,"column":58}},"207":{"start":{"line":397,"column":0},"end":{"line":401,"column":2}},"208":{"start":{"line":398,"column":4},"end":{"line":400,"column":11}},"209":{"start":{"line":403,"column":0},"end":{"line":405,"column":2}},"210":{"start":{"line":404,"column":4},"end":{"line":404,"column":54}},"211":{"start":{"line":407,"column":0},"end":{"line":409,"column":2}},"212":{"start":{"line":408,"column":4},"end":{"line":408,"column":53}},"213":{"start":{"line":422,"column":0},"end":{"line":431,"column":2}},"214":{"start":{"line":423,"column":4},"end":{"line":423,"column":15}},"215":{"start":{"line":424,"column":4},"end":{"line":429,"column":6}},"216":{"start":{"line":430,"column":4},"end":{"line":430,"column":53}},"217":{"start":{"line":444,"column":0},"end":{"line":453,"column":2}},"218":{"start":{"line":445,"column":4},"end":{"line":445,"column":15}},"219":{"start":{"line":446,"column":4},"end":{"line":451,"column":6}},"220":{"start":{"line":452,"column":4},"end":{"line":452,"column":53}},"221":{"start":{"line":455,"column":0},"end":{"line":455,"column":22}}},"branchMap":{"1":{"line":18,"type":"cond-expr","locations":[{"start":{"line":18,"column":57},"end":{"line":18,"column":71}},{"start":{"line":18,"column":74},"end":{"line":21,"column":5}}]},"2":{"line":26,"type":"if","locations":[{"start":{"line":26,"column":4},"end":{"line":26,"column":4}},{"start":{"line":26,"column":4},"end":{"line":26,"column":4}}]},"3":{"line":26,"type":"binary-expr","locations":[{"start":{"line":26,"column":8},"end":{"line":26,"column":17}},{"start":{"line":26,"column":21},"end":{"line":26,"column":33}}]},"4":{"line":54,"type":"if","locations":[{"start":{"line":54,"column":8},"end":{"line":54,"column":8}},{"start":{"line":54,"column":8},"end":{"line":54,"column":8}}]},"5":{"line":54,"type":"binary-expr","locations":[{"start":{"line":54,"column":12},"end":{"line":54,"column":15}},{"start":{"line":54,"column":20},"end":{"line":54,"column":47}},{"start":{"line":54,"column":51},"end":{"line":54,"column":78}}]},"6":{"line":55,"type":"cond-expr","locations":[{"start":{"line":55,"column":46},"end":{"line":55,"column":49}},{"start":{"line":55,"column":52},"end":{"line":55,"column":71}}]},"7":{"line":65,"type":"if","locations":[{"start":{"line":65,"column":8},"end":{"line":65,"column":8}},{"start":{"line":65,"column":8},"end":{"line":65,"column":8}}]},"8":{"line":81,"type":"if","locations":[{"start":{"line":81,"column":8},"end":{"line":81,"column":8}},{"start":{"line":81,"column":8},"end":{"line":81,"column":8}}]},"9":{"line":81,"type":"binary-expr","locations":[{"start":{"line":81,"column":12},"end":{"line":81,"column":15}},{"start":{"line":81,"column":20},"end":{"line":81,"column":47}},{"start":{"line":81,"column":51},"end":{"line":81,"column":78}}]},"10":{"line":82,"type":"cond-expr","locations":[{"start":{"line":82,"column":46},"end":{"line":82,"column":49}},{"start":{"line":82,"column":52},"end":{"line":82,"column":71}}]},"11":{"line":92,"type":"if","locations":[{"start":{"line":92,"column":8},"end":{"line":92,"column":8}},{"start":{"line":92,"column":8},"end":{"line":92,"column":8}}]},"12":{"line":100,"type":"if","locations":[{"start":{"line":100,"column":4},"end":{"line":100,"column":4}},{"start":{"line":100,"column":4},"end":{"line":100,"column":4}}]},"13":{"line":123,"type":"if","locations":[{"start":{"line":123,"column":4},"end":{"line":123,"column":4}},{"start":{"line":123,"column":4},"end":{"line":123,"column":4}}]},"14":{"line":129,"type":"if","locations":[{"start":{"line":129,"column":16},"end":{"line":129,"column":16}},{"start":{"line":129,"column":16},"end":{"line":129,"column":16}}]},"15":{"line":135,"type":"if","locations":[{"start":{"line":135,"column":12},"end":{"line":135,"column":12}},{"start":{"line":135,"column":12},"end":{"line":135,"column":12}}]},"16":{"line":150,"type":"if","locations":[{"start":{"line":150,"column":4},"end":{"line":150,"column":4}},{"start":{"line":150,"column":4},"end":{"line":150,"column":4}}]},"17":{"line":156,"type":"if","locations":[{"start":{"line":156,"column":16},"end":{"line":156,"column":16}},{"start":{"line":156,"column":16},"end":{"line":156,"column":16}}]},"18":{"line":162,"type":"if","locations":[{"start":{"line":162,"column":12},"end":{"line":162,"column":12}},{"start":{"line":162,"column":12},"end":{"line":162,"column":12}}]},"19":{"line":190,"type":"if","locations":[{"start":{"line":190,"column":4},"end":{"line":190,"column":4}},{"start":{"line":190,"column":4},"end":{"line":190,"column":4}}]},"20":{"line":202,"type":"if","locations":[{"start":{"line":202,"column":4},"end":{"line":202,"column":4}},{"start":{"line":202,"column":4},"end":{"line":202,"column":4}}]},"21":{"line":281,"type":"if","locations":[{"start":{"line":281,"column":4},"end":{"line":281,"column":4}},{"start":{"line":281,"column":4},"end":{"line":281,"column":4}}]},"22":{"line":302,"type":"if","locations":[{"start":{"line":302,"column":4},"end":{"line":302,"column":4}},{"start":{"line":302,"column":4},"end":{"line":302,"column":4}}]},"23":{"line":323,"type":"if","locations":[{"start":{"line":323,"column":4},"end":{"line":323,"column":4}},{"start":{"line":323,"column":4},"end":{"line":323,"column":4}}]}}},"/Users/acterry/github/acterry/bitfinex-api-node/ws.js":{"path":"/Users/acterry/github/acterry/bitfinex-api-node/ws.js","s":{"1":1,"2":1,"3":1,"4":1,"5":1,"6":1,"7":15,"8":15,"9":15,"10":15,"11":15,"12":15,"13":15,"14":15,"15":1,"16":1,"17":1,"18":34,"19":34,"20":34,"21":34,"22":34,"23":23,"24":5,"25":5,"26":5,"27":5,"28":5,"29":18,"30":1,"31":1,"32":17,"33":1,"34":1,"35":1,"36":16,"37":16,"38":11,"39":11,"40":11,"41":11,"42":11,"43":11,"44":1,"45":10,"46":2,"47":8,"48":2,"49":6,"50":6,"51":0,"52":1,"53":6,"54":1,"55":5,"56":5,"57":5,"58":0,"59":0,"60":0,"61":5,"62":0,"63":0,"64":1,"65":2,"66":0,"67":2,"68":2,"69":2,"70":2,"71":1,"72":2,"73":2,"74":60,"75":60,"76":60,"77":0,"78":0,"79":0,"80":0,"81":0,"82":0,"83":0,"84":0,"85":0,"86":0,"87":1,"88":1,"89":1,"90":50,"91":50,"92":50,"93":0,"94":0,"95":0,"96":0,"97":0,"98":0,"99":1,"100":10,"101":1,"102":13,"103":13,"104":1,"105":0,"106":1,"107":10,"108":1,"109":10,"110":10,"111":1,"112":1,"113":1,"114":1,"115":1,"116":1,"117":2,"118":2,"119":1,"120":2,"121":2,"122":1,"123":1,"124":1,"125":2,"126":2,"127":2,"128":1},"b":{"1":[23,11],"2":[34,23],"3":[5,18],"4":[1,17],"5":[18,2],"6":[1,16],"7":[11,0],"8":[1,10],"9":[2,8],"10":[2,6],"11":[6,0],"12":[1,5],"13":[0,5],"14":[0,5],"15":[0,2],"16":[2,0],"17":[2,0],"18":[0,0],"19":[0,0],"20":[0,0],"21":[1,0],"22":[0,0],"23":[0,0],"24":[1,0],"25":[1,1],"26":[1,1],"27":[2,0],"28":[2,0]},"f":{"1":15,"2":34,"3":6,"4":0,"5":2,"6":2,"7":60,"8":1,"9":50,"10":10,"11":13,"12":0,"13":10,"14":10,"15":1,"16":2,"17":2,"18":1,"19":2},"fnMap":{"1":{"name":"(anonymous_1)","line":16,"loc":{"start":{"line":16,"column":17},"end":{"line":16,"column":46}}},"2":{"name":"(anonymous_2)","line":51,"loc":{"start":{"line":51,"column":33},"end":{"line":51,"column":55}}},"3":{"name":"(anonymous_3)","line":115,"loc":{"start":{"line":115,"column":41},"end":{"line":115,"column":56}}},"4":{"name":"(anonymous_4)","line":122,"loc":{"start":{"line":122,"column":28},"end":{"line":122,"column":43}}},"5":{"name":"(anonymous_5)","line":182,"loc":{"start":{"line":182,"column":43},"end":{"line":182,"column":65}}},"6":{"name":"(anonymous_6)","line":218,"loc":{"start":{"line":218,"column":42},"end":{"line":218,"column":64}}},"7":{"name":"(anonymous_7)","line":221,"loc":{"start":{"line":221,"column":23},"end":{"line":221,"column":41}}},"8":{"name":"(anonymous_8)","line":276,"loc":{"start":{"line":276,"column":41},"end":{"line":276,"column":63}}},"9":{"name":"(anonymous_9)","line":279,"loc":{"start":{"line":279,"column":23},"end":{"line":279,"column":41}}},"10":{"name":"(anonymous_10)","line":310,"loc":{"start":{"line":310,"column":29},"end":{"line":310,"column":41}}},"11":{"name":"(anonymous_11)","line":314,"loc":{"start":{"line":314,"column":30},"end":{"line":314,"column":42}}},"12":{"name":"(anonymous_12)","line":319,"loc":{"start":{"line":319,"column":31},"end":{"line":319,"column":48}}},"13":{"name":"(anonymous_13)","line":323,"loc":{"start":{"line":323,"column":31},"end":{"line":323,"column":43}}},"14":{"name":"(anonymous_14)","line":327,"loc":{"start":{"line":327,"column":28},"end":{"line":327,"column":43}}},"15":{"name":"(anonymous_15)","line":341,"loc":{"start":{"line":341,"column":42},"end":{"line":341,"column":77}}},"16":{"name":"(anonymous_16)","line":360,"loc":{"start":{"line":360,"column":39},"end":{"line":360,"column":55}}},"17":{"name":"(anonymous_17)","line":379,"loc":{"start":{"line":379,"column":39},"end":{"line":379,"column":55}}},"18":{"name":"(anonymous_18)","line":393,"loc":{"start":{"line":393,"column":35},"end":{"line":393,"column":53}}},"19":{"name":"(anonymous_19)","line":404,"loc":{"start":{"line":404,"column":28},"end":{"line":404,"column":40}}}},"statementMap":{"1":{"start":{"line":3,"column":0},"end":{"line":3,"column":50}},"2":{"start":{"line":4,"column":0},"end":{"line":4,"column":44}},"3":{"start":{"line":5,"column":0},"end":{"line":5,"column":31}},"4":{"start":{"line":6,"column":0},"end":{"line":6,"column":30}},"5":{"start":{"line":7,"column":0},"end":{"line":7,"column":27}},"6":{"start":{"line":16,"column":0},"end":{"line":41,"column":2}},"7":{"start":{"line":17,"column":4},"end":{"line":17,"column":28}},"8":{"start":{"line":19,"column":4},"end":{"line":19,"column":25}},"9":{"start":{"line":20,"column":4},"end":{"line":20,"column":31}},"10":{"start":{"line":21,"column":4},"end":{"line":21,"column":53}},"11":{"start":{"line":26,"column":4},"end":{"line":26,"column":53}},"12":{"start":{"line":31,"column":4},"end":{"line":31,"column":47}},"13":{"start":{"line":35,"column":4},"end":{"line":35,"column":49}},"14":{"start":{"line":40,"column":4},"end":{"line":40,"column":49}},"15":{"start":{"line":43,"column":0},"end":{"line":43,"column":40}},"16":{"start":{"line":49,"column":0},"end":{"line":49,"column":60}},"17":{"start":{"line":51,"column":0},"end":{"line":113,"column":2}},"18":{"start":{"line":52,"column":4},"end":{"line":52,"column":26}},"19":{"start":{"line":53,"column":4},"end":{"line":53,"column":39}},"20":{"start":{"line":54,"column":4},"end":{"line":54,"column":35}},"21":{"start":{"line":55,"column":4},"end":{"line":55,"column":37}},"22":{"start":{"line":57,"column":4},"end":{"line":112,"column":3}},"23":{"start":{"line":58,"column":8},"end":{"line":92,"column":9}},"24":{"start":{"line":59,"column":12},"end":{"line":59,"column":50}},"25":{"start":{"line":61,"column":12},"end":{"line":65,"column":14}},"26":{"start":{"line":67,"column":12},"end":{"line":67,"column":47}},"27":{"start":{"line":68,"column":12},"end":{"line":68,"column":54}},"28":{"start":{"line":76,"column":12},"end":{"line":76,"column":42}},"29":{"start":{"line":77,"column":15},"end":{"line":92,"column":9}},"30":{"start":{"line":78,"column":12},"end":{"line":78,"column":36}},"31":{"start":{"line":79,"column":12},"end":{"line":79,"column":48}},"32":{"start":{"line":80,"column":15},"end":{"line":92,"column":9}},"33":{"start":{"line":81,"column":12},"end":{"line":83,"column":14}},"34":{"start":{"line":84,"column":12},"end":{"line":84,"column":56}},"35":{"start":{"line":88,"column":12},"end":{"line":88,"column":38}},"36":{"start":{"line":90,"column":12},"end":{"line":90,"column":56}},"37":{"start":{"line":91,"column":12},"end":{"line":91,"column":38}},"38":{"start":{"line":94,"column":8},"end":{"line":94,"column":46}},"39":{"start":{"line":96,"column":8},"end":{"line":96,"column":36}},"40":{"start":{"line":97,"column":8},"end":{"line":97,"column":47}},"41":{"start":{"line":98,"column":8},"end":{"line":111,"column":9}},"42":{"start":{"line":99,"column":12},"end":{"line":99,"column":62}},"43":{"start":{"line":100,"column":12},"end":{"line":110,"column":13}},"44":{"start":{"line":101,"column":16},"end":{"line":101,"column":51}},"45":{"start":{"line":102,"column":19},"end":{"line":110,"column":13}},"46":{"start":{"line":103,"column":16},"end":{"line":103,"column":52}},"47":{"start":{"line":104,"column":19},"end":{"line":110,"column":13}},"48":{"start":{"line":105,"column":16},"end":{"line":105,"column":53}},"49":{"start":{"line":106,"column":19},"end":{"line":110,"column":13}},"50":{"start":{"line":107,"column":16},"end":{"line":107,"column":44}},"51":{"start":{"line":109,"column":16},"end":{"line":109,"column":52}},"52":{"start":{"line":115,"column":0},"end":{"line":180,"column":2}},"53":{"start":{"line":116,"column":4},"end":{"line":179,"column":5}},"54":{"start":{"line":117,"column":8},"end":{"line":117,"column":52}},"55":{"start":{"line":119,"column":8},"end":{"line":119,"column":27}},"56":{"start":{"line":120,"column":8},"end":{"line":120,"column":26}},"57":{"start":{"line":121,"column":8},"end":{"line":178,"column":9}},"58":{"start":{"line":122,"column":12},"end":{"line":125,"column":26}},"59":{"start":{"line":123,"column":16},"end":{"line":123,"column":56}},"60":{"start":{"line":124,"column":16},"end":{"line":124,"column":38}},"61":{"start":{"line":126,"column":15},"end":{"line":178,"column":9}},"62":{"start":{"line":127,"column":12},"end":{"line":127,"column":54}},"63":{"start":{"line":177,"column":12},"end":{"line":177,"column":35}},"64":{"start":{"line":182,"column":0},"end":{"line":216,"column":2}},"65":{"start":{"line":183,"column":4},"end":{"line":215,"column":5}},"66":{"start":{"line":184,"column":8},"end":{"line":184,"column":69}},"67":{"start":{"line":185,"column":11},"end":{"line":215,"column":5}},"68":{"start":{"line":186,"column":8},"end":{"line":197,"column":10}},"69":{"start":{"line":198,"column":8},"end":{"line":198,"column":61}},"70":{"start":{"line":214,"column":8},"end":{"line":214,"column":48}},"71":{"start":{"line":218,"column":0},"end":{"line":274,"column":2}},"72":{"start":{"line":220,"column":4},"end":{"line":273,"column":5}},"73":{"start":{"line":221,"column":8},"end":{"line":230,"column":22}},"74":{"start":{"line":222,"column":12},"end":{"line":227,"column":14}},"75":{"start":{"line":228,"column":12},"end":{"line":228,"column":64}},"76":{"start":{"line":229,"column":12},"end":{"line":229,"column":51}},"77":{"start":{"line":231,"column":11},"end":{"line":273,"column":5}},"78":{"start":{"line":232,"column":8},"end":{"line":232,"column":68}},"79":{"start":{"line":233,"column":11},"end":{"line":273,"column":5}},"80":{"start":{"line":234,"column":8},"end":{"line":239,"column":10}},"81":{"start":{"line":240,"column":8},"end":{"line":240,"column":60}},"82":{"start":{"line":251,"column":8},"end":{"line":251,"column":47}},"83":{"start":{"line":252,"column":11},"end":{"line":273,"column":5}},"84":{"start":{"line":253,"column":8},"end":{"line":259,"column":10}},"85":{"start":{"line":260,"column":8},"end":{"line":260,"column":60}},"86":{"start":{"line":272,"column":8},"end":{"line":272,"column":47}},"87":{"start":{"line":276,"column":0},"end":{"line":308,"column":2}},"88":{"start":{"line":278,"column":4},"end":{"line":307,"column":5}},"89":{"start":{"line":279,"column":8},"end":{"line":287,"column":22}},"90":{"start":{"line":280,"column":12},"end":{"line":284,"column":14}},"91":{"start":{"line":285,"column":12},"end":{"line":285,"column":68}},"92":{"start":{"line":286,"column":12},"end":{"line":286,"column":55}},"93":{"start":{"line":288,"column":11},"end":{"line":307,"column":5}},"94":{"start":{"line":289,"column":8},"end":{"line":289,"column":67}},"95":{"start":{"line":290,"column":11},"end":{"line":307,"column":5}},"96":{"start":{"line":291,"column":8},"end":{"line":295,"column":10}},"97":{"start":{"line":296,"column":8},"end":{"line":296,"column":64}},"98":{"start":{"line":306,"column":8},"end":{"line":306,"column":51}},"99":{"start":{"line":310,"column":0},"end":{"line":312,"column":2}},"100":{"start":{"line":311,"column":4},"end":{"line":311,"column":20}},"101":{"start":{"line":314,"column":0},"end":{"line":317,"column":2}},"102":{"start":{"line":315,"column":4},"end":{"line":315,"column":25}},"103":{"start":{"line":316,"column":4},"end":{"line":316,"column":22}},"104":{"start":{"line":319,"column":0},"end":{"line":321,"column":2}},"105":{"start":{"line":320,"column":4},"end":{"line":320,"column":30}},"106":{"start":{"line":323,"column":0},"end":{"line":325,"column":2}},"107":{"start":{"line":324,"column":4},"end":{"line":324,"column":23}},"108":{"start":{"line":327,"column":0},"end":{"line":330,"column":2}},"109":{"start":{"line":328,"column":4},"end":{"line":328,"column":29}},"110":{"start":{"line":329,"column":4},"end":{"line":329,"column":38}},"111":{"start":{"line":341,"column":0},"end":{"line":352,"column":2}},"112":{"start":{"line":342,"column":4},"end":{"line":342,"column":28}},"113":{"start":{"line":343,"column":4},"end":{"line":343,"column":34}},"114":{"start":{"line":344,"column":4},"end":{"line":344,"column":28}},"115":{"start":{"line":346,"column":4},"end":{"line":351,"column":7}},"116":{"start":{"line":360,"column":0},"end":{"line":368,"column":2}},"117":{"start":{"line":361,"column":4},"end":{"line":361,"column":28}},"118":{"start":{"line":363,"column":4},"end":{"line":367,"column":7}},"119":{"start":{"line":379,"column":0},"end":{"line":387,"column":2}},"120":{"start":{"line":380,"column":4},"end":{"line":380,"column":28}},"121":{"start":{"line":382,"column":4},"end":{"line":386,"column":7}},"122":{"start":{"line":393,"column":0},"end":{"line":398,"column":2}},"123":{"start":{"line":394,"column":4},"end":{"line":397,"column":7}},"124":{"start":{"line":404,"column":0},"end":{"line":415,"column":2}},"125":{"start":{"line":405,"column":4},"end":{"line":405,"column":50}},"126":{"start":{"line":406,"column":4},"end":{"line":408,"column":19}},"127":{"start":{"line":409,"column":4},"end":{"line":414,"column":7}},"128":{"start":{"line":417,"column":0},"end":{"line":417,"column":28}}},"branchMap":{"1":{"line":57,"type":"if","locations":[{"start":{"line":57,"column":4},"end":{"line":57,"column":4}},{"start":{"line":57,"column":4},"end":{"line":57,"column":4}}]},"2":{"line":57,"type":"binary-expr","locations":[{"start":{"line":57,"column":8},"end":{"line":57,"column":27}},{"start":{"line":57,"column":31},"end":{"line":57,"column":40}}]},"3":{"line":58,"type":"if","locations":[{"start":{"line":58,"column":8},"end":{"line":58,"column":8}},{"start":{"line":58,"column":8},"end":{"line":58,"column":8}}]},"4":{"line":77,"type":"if","locations":[{"start":{"line":77,"column":15},"end":{"line":77,"column":15}},{"start":{"line":77,"column":15},"end":{"line":77,"column":15}}]},"5":{"line":77,"type":"binary-expr","locations":[{"start":{"line":77,"column":19},"end":{"line":77,"column":39}},{"start":{"line":77,"column":43},"end":{"line":77,"column":62}}]},"6":{"line":80,"type":"if","locations":[{"start":{"line":80,"column":15},"end":{"line":80,"column":15}},{"start":{"line":80,"column":15},"end":{"line":80,"column":15}}]},"7":{"line":98,"type":"if","locations":[{"start":{"line":98,"column":8},"end":{"line":98,"column":8}},{"start":{"line":98,"column":8},"end":{"line":98,"column":8}}]},"8":{"line":100,"type":"if","locations":[{"start":{"line":100,"column":12},"end":{"line":100,"column":12}},{"start":{"line":100,"column":12},"end":{"line":100,"column":12}}]},"9":{"line":102,"type":"if","locations":[{"start":{"line":102,"column":19},"end":{"line":102,"column":19}},{"start":{"line":102,"column":19},"end":{"line":102,"column":19}}]},"10":{"line":104,"type":"if","locations":[{"start":{"line":104,"column":19},"end":{"line":104,"column":19}},{"start":{"line":104,"column":19},"end":{"line":104,"column":19}}]},"11":{"line":106,"type":"if","locations":[{"start":{"line":106,"column":19},"end":{"line":106,"column":19}},{"start":{"line":106,"column":19},"end":{"line":106,"column":19}}]},"12":{"line":116,"type":"if","locations":[{"start":{"line":116,"column":4},"end":{"line":116,"column":4}},{"start":{"line":116,"column":4},"end":{"line":116,"column":4}}]},"13":{"line":121,"type":"if","locations":[{"start":{"line":121,"column":8},"end":{"line":121,"column":8}},{"start":{"line":121,"column":8},"end":{"line":121,"column":8}}]},"14":{"line":126,"type":"if","locations":[{"start":{"line":126,"column":15},"end":{"line":126,"column":15}},{"start":{"line":126,"column":15},"end":{"line":126,"column":15}}]},"15":{"line":183,"type":"if","locations":[{"start":{"line":183,"column":4},"end":{"line":183,"column":4}},{"start":{"line":183,"column":4},"end":{"line":183,"column":4}}]},"16":{"line":185,"type":"if","locations":[{"start":{"line":185,"column":11},"end":{"line":185,"column":11}},{"start":{"line":185,"column":11},"end":{"line":185,"column":11}}]},"17":{"line":220,"type":"if","locations":[{"start":{"line":220,"column":4},"end":{"line":220,"column":4}},{"start":{"line":220,"column":4},"end":{"line":220,"column":4}}]},"18":{"line":231,"type":"if","locations":[{"start":{"line":231,"column":11},"end":{"line":231,"column":11}},{"start":{"line":231,"column":11},"end":{"line":231,"column":11}}]},"19":{"line":233,"type":"if","locations":[{"start":{"line":233,"column":11},"end":{"line":233,"column":11}},{"start":{"line":233,"column":11},"end":{"line":233,"column":11}}]},"20":{"line":252,"type":"if","locations":[{"start":{"line":252,"column":11},"end":{"line":252,"column":11}},{"start":{"line":252,"column":11},"end":{"line":252,"column":11}}]},"21":{"line":278,"type":"if","locations":[{"start":{"line":278,"column":4},"end":{"line":278,"column":4}},{"start":{"line":278,"column":4},"end":{"line":278,"column":4}}]},"22":{"line":288,"type":"if","locations":[{"start":{"line":288,"column":11},"end":{"line":288,"column":11}},{"start":{"line":288,"column":11},"end":{"line":288,"column":11}}]},"23":{"line":290,"type":"if","locations":[{"start":{"line":290,"column":11},"end":{"line":290,"column":11}},{"start":{"line":290,"column":11},"end":{"line":290,"column":11}}]},"24":{"line":342,"type":"binary-expr","locations":[{"start":{"line":342,"column":11},"end":{"line":342,"column":15}},{"start":{"line":342,"column":19},"end":{"line":342,"column":27}}]},"25":{"line":343,"type":"binary-expr","locations":[{"start":{"line":343,"column":16},"end":{"line":343,"column":25}},{"start":{"line":343,"column":29},"end":{"line":343,"column":33}}]},"26":{"line":344,"type":"binary-expr","locations":[{"start":{"line":344,"column":13},"end":{"line":344,"column":19}},{"start":{"line":344,"column":23},"end":{"line":344,"column":27}}]},"27":{"line":361,"type":"binary-expr","locations":[{"start":{"line":361,"column":11},"end":{"line":361,"column":15}},{"start":{"line":361,"column":19},"end":{"line":361,"column":27}}]},"28":{"line":380,"type":"binary-expr","locations":[{"start":{"line":380,"column":11},"end":{"line":380,"column":15}},{"start":{"line":380,"column":19},"end":{"line":380,"column":27}}]}}}}