TN:
SF:/Users/joshuarossi/Code/bitfinex-api-node/index.js
FN:6,(anonymous_1)
FNF:1
FNH:1
FNDA:13,(anonymous_1)
DA:3,1
DA:4,1
DA:6,1
DA:7,13
DA:8,13
DA:9,13
DA:10,13
DA:13,1
DA:14,1
DA:16,1
LF:10
LH:10
BRF:0
BRH:0
end_of_record
TN:
SF:/Users/joshuarossi/Code/bitfinex-api-node/rest.js
FN:12,rest
FN:18,(anonymous_2)
FN:24,(anonymous_3)
FN:52,(anonymous_4)
FN:72,(anonymous_5)
FN:79,(anonymous_6)
FN:99,(anonymous_7)
FN:102,(anonymous_8)
FN:107,(anonymous_9)
FN:111,(anonymous_10)
FN:119,(anonymous_11)
FN:123,(anonymous_12)
FN:149,(anonymous_13)
FN:153,(anonymous_14)
FN:157,(anonymous_15)
FN:161,(anonymous_16)
FN:165,(anonymous_17)
FN:185,(anonymous_18)
FN:193,(anonymous_19)
FN:201,(anonymous_20)
FN:205,(anonymous_21)
FN:208,(anonymous_22)
FN:215,(anonymous_23)
FN:229,(anonymous_24)
FN:237,(anonymous_25)
FN:241,(anonymous_26)
FN:245,(anonymous_27)
FN:253,(anonymous_28)
FN:274,(anonymous_29)
FN:295,(anonymous_30)
FN:316,(anonymous_31)
FN:326,(anonymous_32)
FN:338,(anonymous_33)
FN:346,(anonymous_34)
FN:354,(anonymous_35)
FN:358,(anonymous_36)
FN:362,(anonymous_37)
FN:366,(anonymous_38)
FN:370,(anonymous_39)
FN:374,(anonymous_40)
FN:380,(anonymous_41)
FN:384,(anonymous_42)
FN:399,(anonymous_43)
FN:421,(anonymous_44)
FNF:44
FNH:12
FNDA:13,rest
FNDA:0,(anonymous_2)
FNDA:0,(anonymous_3)
FNDA:0,(anonymous_4)
FNDA:9,(anonymous_5)
FNDA:9,(anonymous_6)
FNDA:1,(anonymous_7)
FNDA:0,(anonymous_8)
FNDA:1,(anonymous_9)
FNDA:1,(anonymous_10)
FNDA:1,(anonymous_11)
FNDA:1,(anonymous_12)
FNDA:0,(anonymous_13)
FNDA:1,(anonymous_14)
FNDA:1,(anonymous_15)
FNDA:1,(anonymous_16)
FNDA:0,(anonymous_17)
FNDA:0,(anonymous_18)
FNDA:0,(anonymous_19)
FNDA:0,(anonymous_20)
FNDA:0,(anonymous_21)
FNDA:0,(anonymous_22)
FNDA:0,(anonymous_23)
FNDA:0,(anonymous_24)
FNDA:0,(anonymous_25)
FNDA:0,(anonymous_26)
FNDA:0,(anonymous_27)
FNDA:0,(anonymous_28)
FNDA:0,(anonymous_29)
FNDA:0,(anonymous_30)
FNDA:0,(anonymous_31)
FNDA:0,(anonymous_32)
FNDA:0,(anonymous_33)
FNDA:0,(anonymous_34)
FNDA:0,(anonymous_35)
FNDA:0,(anonymous_36)
FNDA:0,(anonymous_37)
FNDA:0,(anonymous_38)
FNDA:0,(anonymous_39)
FNDA:0,(anonymous_40)
FNDA:1,(anonymous_41)
FNDA:0,(anonymous_42)
FNDA:0,(anonymous_43)
FNDA:0,(anonymous_44)
DA:1,1
DA:3,1
DA:5,1
DA:7,1
DA:9,1
DA:12,1
DA:13,13
DA:14,13
DA:15,13
DA:16,13
DA:17,13
DA:18,13
DA:20,0
DA:24,1
DA:25,0
DA:26,0
DA:27,0
DA:29,0
DA:30,0
DA:31,0
DA:32,0
DA:36,0
DA:37,0
DA:38,0
DA:40,0
DA:41,0
DA:42,0
DA:47,0
DA:53,0
DA:54,0
DA:55,0
DA:57,0
DA:58,0
DA:60,0
DA:61,0
DA:65,0
DA:66,0
DA:68,0
DA:72,1
DA:73,9
DA:74,9
DA:75,9
DA:80,9
DA:81,9
DA:82,1
DA:84,8
DA:85,8
DA:87,0
DA:88,0
DA:92,8
DA:93,0
DA:95,8
DA:99,1
DA:100,1
DA:101,0
DA:102,0
DA:104,1
DA:107,1
DA:108,1
DA:111,1
DA:112,1
DA:119,1
DA:120,1
DA:123,1
DA:124,1
DA:125,1
DA:126,1
DA:127,1
DA:128,1
DA:130,0
DA:131,0
DA:132,0
DA:133,0
DA:134,0
DA:136,0
DA:139,0
DA:140,0
DA:143,0
DA:144,0
DA:147,1
DA:149,1
DA:150,0
DA:153,1
DA:154,1
DA:157,1
DA:158,1
DA:161,1
DA:162,1
DA:165,1
DA:166,0
DA:167,0
DA:168,0
DA:169,0
DA:171,0
DA:179,0
DA:180,0
DA:182,0
DA:185,1
DA:186,0
DA:187,0
DA:190,0
DA:193,1
DA:194,0
DA:195,0
DA:198,0
DA:201,1
DA:202,0
DA:205,1
DA:206,0
DA:207,0
DA:209,0
DA:212,0
DA:215,1
DA:216,0
DA:217,0
DA:226,0
DA:229,1
DA:230,0
DA:231,0
DA:234,0
DA:237,1
DA:238,0
DA:241,1
DA:242,0
DA:245,1
DA:246,0
DA:247,0
DA:250,0
DA:253,1
DA:254,0
DA:255,0
DA:258,0
DA:259,0
DA:261,0
DA:262,0
DA:263,0
DA:264,0
DA:267,0
DA:268,0
DA:271,0
DA:274,1
DA:275,0
DA:276,0
DA:279,0
DA:280,0
DA:282,0
DA:283,0
DA:284,0
DA:285,0
DA:288,0
DA:289,0
DA:292,0
DA:295,1
DA:296,0
DA:297,0
DA:300,0
DA:301,0
DA:303,0
DA:304,0
DA:305,0
DA:306,0
DA:309,0
DA:310,0
DA:313,0
DA:316,1
DA:317,0
DA:318,0
DA:323,0
DA:326,1
DA:327,0
DA:328,0
DA:335,0
DA:338,1
DA:339,0
DA:340,0
DA:343,0
DA:346,1
DA:347,0
DA:348,0
DA:351,0
DA:354,1
DA:355,0
DA:358,1
DA:359,0
DA:362,1
DA:363,0
DA:366,1
DA:367,0
DA:370,1
DA:371,0
DA:374,1
DA:375,0
DA:380,1
DA:381,1
DA:384,1
DA:385,0
DA:399,1
DA:400,0
DA:401,0
DA:407,0
DA:421,1
DA:422,0
DA:423,0
DA:429,0
DA:432,1
LF:205
LH:76
BRDA:18,1,0,0
BRDA:18,1,1,13
BRDA:26,2,0,0
BRDA:26,2,1,0
BRDA:26,3,0,0
BRDA:26,3,1,0
BRDA:54,4,0,0
BRDA:54,4,1,0
BRDA:54,5,0,0
BRDA:54,5,1,0
BRDA:54,5,2,0
BRDA:55,6,0,0
BRDA:55,6,1,0
BRDA:65,7,0,0
BRDA:65,7,1,0
BRDA:81,8,0,1
BRDA:81,8,1,8
BRDA:81,9,0,9
BRDA:81,9,1,8
BRDA:81,9,2,0
BRDA:82,10,0,1
BRDA:82,10,1,0
BRDA:92,11,0,0
BRDA:92,11,1,8
BRDA:100,12,0,0
BRDA:100,12,1,1
BRDA:127,13,0,1
BRDA:127,13,1,0
BRDA:133,14,0,0
BRDA:133,14,1,0
BRDA:139,15,0,0
BRDA:139,15,1,0
BRDA:167,16,0,0
BRDA:167,16,1,0
BRDA:179,17,0,0
BRDA:179,17,1,0
BRDA:258,18,0,0
BRDA:258,18,1,0
BRDA:279,19,0,0
BRDA:279,19,1,0
BRDA:300,20,0,0
BRDA:300,20,1,0
BRF:42
BRH:9
end_of_record
TN:
SF:/Users/joshuarossi/Code/bitfinex-api-node/ws.js
FN:16,(anonymous_1)
FN:51,(anonymous_2)
FN:115,(anonymous_3)
FN:122,(anonymous_4)
FN:182,(anonymous_5)
FN:218,(anonymous_6)
FN:221,(anonymous_7)
FN:276,(anonymous_8)
FN:279,(anonymous_9)
FN:310,(anonymous_10)
FN:314,(anonymous_11)
FN:319,(anonymous_12)
FN:323,(anonymous_13)
FN:327,(anonymous_14)
FN:341,(anonymous_15)
FN:360,(anonymous_16)
FN:379,(anonymous_17)
FN:393,(anonymous_18)
FN:404,(anonymous_19)
FNF:19
FNH:17
FNDA:13,(anonymous_1)
FNDA:40,(anonymous_2)
FNDA:5,(anonymous_3)
FNDA:0,(anonymous_4)
FNDA:3,(anonymous_5)
FNDA:2,(anonymous_6)
FNDA:50,(anonymous_7)
FNDA:7,(anonymous_8)
FNDA:50,(anonymous_9)
FNDA:10,(anonymous_10)
FNDA:13,(anonymous_11)
FNDA:0,(anonymous_12)
FNDA:10,(anonymous_13)
FNDA:10,(anonymous_14)
FNDA:1,(anonymous_15)
FNDA:2,(anonymous_16)
FNDA:2,(anonymous_17)
FNDA:1,(anonymous_18)
FNDA:2,(anonymous_19)
DA:3,1
DA:4,1
DA:5,1
DA:6,1
DA:7,1
DA:16,1
DA:17,13
DA:19,13
DA:20,13
DA:21,13
DA:26,13
DA:31,13
DA:35,13
DA:40,13
DA:43,1
DA:49,1
DA:51,1
DA:52,40
DA:53,40
DA:54,40
DA:55,40
DA:57,40
DA:58,23
DA:59,5
DA:61,5
DA:67,5
DA:68,5
DA:76,5
DA:77,18
DA:78,1
DA:79,1
DA:80,17
DA:81,1
DA:84,1
DA:88,1
DA:90,16
DA:91,16
DA:94,17
DA:96,17
DA:97,17
DA:98,17
DA:99,17
DA:100,17
DA:101,7
DA:102,10
DA:103,2
DA:104,8
DA:105,3
DA:106,5
DA:107,5
DA:109,0
DA:115,1
DA:116,5
DA:117,0
DA:119,5
DA:120,5
DA:121,5
DA:122,0
DA:123,0
DA:124,0
DA:126,5
DA:127,0
DA:177,0
DA:182,1
DA:183,3
DA:184,1
DA:185,2
DA:186,2
DA:198,2
DA:214,2
DA:218,1
DA:220,2
DA:221,2
DA:222,50
DA:228,50
DA:229,50
DA:231,0
DA:232,0
DA:233,0
DA:234,0
DA:240,0
DA:251,0
DA:252,0
DA:253,0
DA:260,0
DA:272,0
DA:276,1
DA:278,7
DA:279,1
DA:280,50
DA:285,50
DA:286,50
DA:288,6
DA:289,0
DA:290,6
DA:291,6
DA:296,6
DA:306,6
DA:310,1
DA:311,10
DA:314,1
DA:315,13
DA:316,13
DA:319,1
DA:320,0
DA:323,1
DA:324,10
DA:327,1
DA:328,10
DA:329,10
DA:341,1
DA:342,1
DA:343,1
DA:344,1
DA:346,1
DA:360,1
DA:361,2
DA:363,2
DA:379,1
DA:380,2
DA:382,2
DA:393,1
DA:394,1
DA:404,1
DA:405,2
DA:406,2
DA:409,2
DA:417,1
LF:128
LH:109
BRDA:57,1,0,23
BRDA:57,1,1,17
BRDA:57,2,0,40
BRDA:57,2,1,23
BRDA:58,3,0,5
BRDA:58,3,1,18
BRDA:77,4,0,1
BRDA:77,4,1,17
BRDA:77,5,0,18
BRDA:77,5,1,2
BRDA:80,6,0,1
BRDA:80,6,1,16
BRDA:98,7,0,17
BRDA:98,7,1,0
BRDA:100,8,0,7
BRDA:100,8,1,10
BRDA:102,9,0,2
BRDA:102,9,1,8
BRDA:104,10,0,3
BRDA:104,10,1,5
BRDA:106,11,0,5
BRDA:106,11,1,0
BRDA:116,12,0,0
BRDA:116,12,1,5
BRDA:121,13,0,0
BRDA:121,13,1,5
BRDA:126,14,0,0
BRDA:126,14,1,5
BRDA:183,15,0,1
BRDA:183,15,1,2
BRDA:185,16,0,2
BRDA:185,16,1,0
BRDA:220,17,0,2
BRDA:220,17,1,0
BRDA:231,18,0,0
BRDA:231,18,1,0
BRDA:233,19,0,0
BRDA:233,19,1,0
BRDA:252,20,0,0
BRDA:252,20,1,0
BRDA:278,21,0,1
BRDA:278,21,1,6
BRDA:288,22,0,0
BRDA:288,22,1,6
BRDA:290,23,0,6
BRDA:290,23,1,0
BRDA:342,24,0,1
BRDA:342,24,1,0
BRDA:343,25,0,1
BRDA:343,25,1,1
BRDA:344,26,0,1
BRDA:344,26,1,1
BRDA:361,27,0,2
BRDA:361,27,1,0
BRDA:380,28,0,2
BRDA:380,28,1,0
BRF:56
BRH:38
end_of_record
