TN:
SF:/Users/joshuarossi/bitfinex-api-node/index.js
FN:4,(anonymous_1)
FNF:1
FNH:1
FNDA:5,(anonymous_1)
DA:1,1
DA:4,1
DA:5,5
DA:6,5
DA:7,5
DA:8,5
DA:11,1
LF:7
LH:7
BRF:0
BRH:0
end_of_record
TN:
SF:/Users/joshuarossi/bitfinex-api-node/rest.js
FN:12,rest
FN:18,(anonymous_2)
FN:24,(anonymous_3)
FN:52,(anonymous_4)
FN:72,(anonymous_5)
FN:79,(anonymous_6)
FN:99,(anonymous_7)
FN:102,(anonymous_8)
FN:107,(anonymous_9)
FN:111,(anonymous_10)
FN:119,(anonymous_11)
FN:123,(anonymous_12)
FN:149,(anonymous_13)
FN:153,(anonymous_14)
FN:157,(anonymous_15)
FN:161,(anonymous_16)
FN:165,(anonymous_17)
FN:185,(anonymous_18)
FN:193,(anonymous_19)
FN:201,(anonymous_20)
FN:205,(anonymous_21)
FN:208,(anonymous_22)
FN:215,(anonymous_23)
FN:229,(anonymous_24)
FN:237,(anonymous_25)
FN:241,(anonymous_26)
FN:245,(anonymous_27)
FN:253,(anonymous_28)
FN:274,(anonymous_29)
FN:295,(anonymous_30)
FN:316,(anonymous_31)
FN:326,(anonymous_32)
FN:338,(anonymous_33)
FN:346,(anonymous_34)
FN:354,(anonymous_35)
FN:358,(anonymous_36)
FN:362,(anonymous_37)
FN:366,(anonymous_38)
FN:370,(anonymous_39)
FN:374,(anonymous_40)
FN:380,(anonymous_41)
FN:384,(anonymous_42)
FN:399,(anonymous_43)
FN:421,(anonymous_44)
FNF:44
FNH:33
FNDA:5,rest
FNDA:19,(anonymous_2)
FNDA:19,(anonymous_3)
FNDA:19,(anonymous_4)
FNDA:8,(anonymous_5)
FNDA:8,(anonymous_6)
FNDA:1,(anonymous_7)
FNDA:0,(anonymous_8)
FNDA:1,(anonymous_9)
FNDA:1,(anonymous_10)
FNDA:1,(anonymous_11)
FNDA:1,(anonymous_12)
FNDA:0,(anonymous_13)
FNDA:1,(anonymous_14)
FNDA:1,(anonymous_15)
FNDA:1,(anonymous_16)
FNDA:1,(anonymous_17)
FNDA:1,(anonymous_18)
FNDA:1,(anonymous_19)
FNDA:0,(anonymous_20)
FNDA:0,(anonymous_21)
FNDA:0,(anonymous_22)
FNDA:1,(anonymous_23)
FNDA:0,(anonymous_24)
FNDA:1,(anonymous_25)
FNDA:1,(anonymous_26)
FNDA:0,(anonymous_27)
FNDA:1,(anonymous_28)
FNDA:1,(anonymous_29)
FNDA:1,(anonymous_30)
FNDA:1,(anonymous_31)
FNDA:1,(anonymous_32)
FNDA:1,(anonymous_33)
FNDA:1,(anonymous_34)
FNDA:0,(anonymous_35)
FNDA:1,(anonymous_36)
FNDA:1,(anonymous_37)
FNDA:1,(anonymous_38)
FNDA:1,(anonymous_39)
FNDA:0,(anonymous_40)
FNDA:1,(anonymous_41)
FNDA:1,(anonymous_42)
FNDA:0,(anonymous_43)
FNDA:0,(anonymous_44)
DA:1,1
DA:3,1
DA:5,1
DA:7,1
DA:9,1
DA:12,1
DA:13,5
DA:14,5
DA:15,5
DA:16,5
DA:17,5
DA:18,5
DA:20,19
DA:24,1
DA:25,19
DA:26,19
DA:27,0
DA:29,19
DA:30,19
DA:31,19
DA:32,19
DA:36,19
DA:37,28
DA:38,28
DA:40,19
DA:41,19
DA:42,19
DA:47,19
DA:53,19
DA:54,19
DA:55,1
DA:57,18
DA:58,18
DA:60,0
DA:61,0
DA:65,18
DA:66,6
DA:68,12
DA:72,1
DA:73,8
DA:74,8
DA:75,8
DA:80,8
DA:81,8
DA:82,0
DA:84,8
DA:85,8
DA:87,0
DA:88,0
DA:92,8
DA:93,0
DA:95,8
DA:99,1
DA:100,1
DA:101,0
DA:102,0
DA:104,1
DA:107,1
DA:108,1
DA:111,1
DA:112,1
DA:119,1
DA:120,1
DA:123,1
DA:124,1
DA:125,1
DA:126,1
DA:127,1
DA:128,1
DA:130,0
DA:131,0
DA:132,0
DA:133,0
DA:134,0
DA:136,0
DA:139,0
DA:140,0
DA:143,0
DA:144,0
DA:147,1
DA:149,1
DA:150,0
DA:153,1
DA:154,1
DA:157,1
DA:158,1
DA:161,1
DA:162,1
DA:165,1
DA:166,1
DA:167,1
DA:168,0
DA:169,0
DA:171,1
DA:179,1
DA:180,0
DA:182,1
DA:185,1
DA:186,1
DA:187,1
DA:190,1
DA:193,1
DA:194,1
DA:195,1
DA:198,1
DA:201,1
DA:202,0
DA:205,1
DA:206,0
DA:207,0
DA:209,0
DA:212,0
DA:215,1
DA:216,1
DA:217,1
DA:226,1
DA:229,1
DA:230,0
DA:231,0
DA:234,0
DA:237,1
DA:238,1
DA:241,1
DA:242,1
DA:245,1
DA:246,0
DA:247,0
DA:250,0
DA:253,1
DA:254,1
DA:255,1
DA:258,1
DA:259,0
DA:261,1
DA:262,1
DA:263,0
DA:264,0
DA:267,0
DA:268,0
DA:271,1
DA:274,1
DA:275,1
DA:276,1
DA:279,1
DA:280,0
DA:282,1
DA:283,1
DA:284,0
DA:285,0
DA:288,0
DA:289,0
DA:292,1
DA:295,1
DA:296,1
DA:297,1
DA:300,1
DA:301,0
DA:303,1
DA:304,1
DA:305,0
DA:306,0
DA:309,0
DA:310,0
DA:313,1
DA:316,1
DA:317,1
DA:318,1
DA:323,1
DA:326,1
DA:327,1
DA:328,1
DA:335,1
DA:338,1
DA:339,1
DA:340,1
DA:343,1
DA:346,1
DA:347,1
DA:348,1
DA:351,1
DA:354,1
DA:355,0
DA:358,1
DA:359,1
DA:362,1
DA:363,1
DA:366,1
DA:367,1
DA:370,1
DA:371,1
DA:374,1
DA:375,0
DA:380,1
DA:381,1
DA:384,1
DA:385,1
DA:399,1
DA:400,0
DA:401,0
DA:407,0
DA:421,1
DA:422,0
DA:423,0
DA:429,0
DA:432,1
LF:205
LH:148
BRDA:18,1,0,0
BRDA:18,1,1,5
BRDA:26,2,0,0
BRDA:26,2,1,19
BRDA:26,3,0,19
BRDA:26,3,1,19
BRDA:54,4,0,1
BRDA:54,4,1,18
BRDA:54,5,0,19
BRDA:54,5,1,19
BRDA:54,5,2,7
BRDA:55,6,0,0
BRDA:55,6,1,1
BRDA:65,7,0,6
BRDA:65,7,1,12
BRDA:81,8,0,0
BRDA:81,8,1,8
BRDA:81,9,0,8
BRDA:81,9,1,8
BRDA:81,9,2,0
BRDA:82,10,0,0
BRDA:82,10,1,0
BRDA:92,11,0,0
BRDA:92,11,1,8
BRDA:100,12,0,0
BRDA:100,12,1,1
BRDA:127,13,0,1
BRDA:127,13,1,0
BRDA:133,14,0,0
BRDA:133,14,1,0
BRDA:139,15,0,0
BRDA:139,15,1,0
BRDA:167,16,0,0
BRDA:167,16,1,1
BRDA:179,17,0,0
BRDA:179,17,1,1
BRDA:258,18,0,0
BRDA:258,18,1,1
BRDA:279,19,0,0
BRDA:279,19,1,1
BRDA:300,20,0,0
BRDA:300,20,1,1
BRF:42
BRH:23
end_of_record
TN:
SF:/Users/joshuarossi/bitfinex-api-node/ws.js
FN:1,(anonymous_1)
FN:10,(anonymous_2)
FN:13,(anonymous_3)
FN:16,(anonymous_4)
FN:19,(anonymous_5)
FN:28,(anonymous_6)
FN:44,(anonymous_7)
FN:51,(anonymous_8)
FN:63,(anonymous_9)
FN:70,(anonymous_10)
FN:86,(anonymous_11)
FN:93,(anonymous_12)
FN:105,(anonymous_13)
FN:112,(anonymous_14)
FN:130,(anonymous_15)
FN:137,(anonymous_16)
FN:149,(anonymous_17)
FN:156,(anonymous_18)
FNF:18
FNH:18
FNDA:5,(anonymous_1)
FNDA:1,(anonymous_2)
FNDA:3,(anonymous_3)
FNDA:2,(anonymous_4)
FNDA:117,(anonymous_5)
FNDA:2,(anonymous_6)
FNDA:2,(anonymous_7)
FNDA:3,(anonymous_8)
FNDA:6,(anonymous_9)
FNDA:2,(anonymous_10)
FNDA:2,(anonymous_11)
FNDA:2,(anonymous_12)
FNDA:5,(anonymous_13)
FNDA:2,(anonymous_14)
FNDA:2,(anonymous_15)
FNDA:1,(anonymous_16)
FNDA:4,(anonymous_17)
FNDA:4,(anonymous_18)
DA:1,1
DA:2,5
DA:3,5
DA:4,5
DA:5,5
DA:7,5
DA:9,5
DA:10,5
DA:11,1
DA:13,5
DA:14,3
DA:16,5
DA:17,2
DA:19,5
DA:20,117
DA:21,117
DA:23,117
DA:25,6
DA:28,5
DA:29,2
DA:30,1
DA:37,1
DA:44,5
DA:45,2
DA:46,1
DA:51,1
DA:52,3
DA:53,1
DA:58,1
DA:63,1
DA:64,6
DA:65,1
DA:70,5
DA:71,2
DA:72,1
DA:79,1
DA:86,5
DA:87,2
DA:88,1
DA:93,1
DA:94,2
DA:95,1
DA:100,1
DA:105,1
DA:106,5
DA:107,1
DA:112,5
DA:113,2
DA:114,1
DA:122,1
DA:130,5
DA:131,2
DA:132,1
DA:137,1
DA:138,1
DA:139,1
DA:144,1
DA:149,1
DA:150,4
DA:151,1
DA:156,5
DA:157,4
DA:159,3
DA:160,3
DA:162,4
DA:164,2
DA:165,2
DA:167,4
DA:168,1
DA:170,3
DA:171,3
DA:172,3
DA:173,3
DA:180,5
DA:182,1
LF:75
LH:75
BRDA:23,1,0,6
BRDA:23,1,1,111
BRDA:29,2,0,1
BRDA:29,2,1,1
BRDA:45,3,0,1
BRDA:45,3,1,1
BRDA:52,4,0,1
BRDA:52,4,1,2
BRDA:64,5,0,1
BRDA:64,5,1,5
BRDA:71,6,0,1
BRDA:71,6,1,1
BRDA:87,7,0,1
BRDA:87,7,1,1
BRDA:94,8,0,1
BRDA:94,8,1,1
BRDA:106,9,0,1
BRDA:106,9,1,4
BRDA:113,10,0,1
BRDA:113,10,1,1
BRDA:131,11,0,1
BRDA:131,11,1,1
BRDA:138,12,0,1
BRDA:138,12,1,0
BRDA:150,13,0,1
BRDA:150,13,1,3
BRDA:157,14,0,3
BRDA:157,14,1,1
BRDA:157,15,0,4
BRDA:157,15,1,3
BRDA:162,16,0,2
BRDA:162,16,1,2
BRDA:162,17,0,4
BRDA:162,17,1,2
BRDA:167,18,0,1
BRDA:167,18,1,3
BRDA:167,19,0,4
BRDA:167,19,1,1
BRF:38
BRH:37
end_of_record
